{"/Users/zane/playground/cloudsite/src/cli/cloudsite.mjs": {"path":"/Users/zane/playground/cloudsite/src/cli/cloudsite.mjs","statementMap":{"0":{"start":{"line":1,"column":0},"end":{"line":1,"column":null}},"1":{"start":{"line":2,"column":0},"end":{"line":2,"column":null}},"2":{"start":{"line":4,"column":0},"end":{"line":4,"column":null}},"3":{"start":{"line":6,"column":0},"end":{"line":6,"column":null}},"4":{"start":{"line":7,"column":0},"end":{"line":7,"column":null}},"5":{"start":{"line":8,"column":0},"end":{"line":8,"column":50}},"6":{"start":{"line":8,"column":50},"end":{"line":8,"column":null}},"7":{"start":{"line":10,"column":15},"end":{"line":10,"column":18}},"8":{"start":{"line":10,"column":15},"end":{"line":48,"column":null}},"9":{"start":{"line":10,"column":18},"end":{"line":45,"column":null}},"10":{"start":{"line":11,"column":8},"end":{"line":11,"column":null}},"11":{"start":{"line":12,"column":8},"end":{"line":12,"column":null}},"12":{"start":{"line":14,"column":10},"end":{"line":14,"column":34}},"13":{"start":{"line":15,"column":8},"end":{"line":15,"column":null}},"14":{"start":{"line":17,"column":8},"end":{"line":17,"column":null}},"15":{"start":{"line":17,"column":104},"end":{"line":17,"column":null}},"16":{"start":{"line":17,"column":104},"end":{"line":20,"column":null}},"17":{"start":{"line":20,"column":10},"end":{"line":20,"column":39}},"18":{"start":{"line":21,"column":4},"end":{"line":21,"column":null}},"19":{"start":{"line":21,"column":52},"end":{"line":21,"column":null}},"20":{"start":{"line":21,"column":52},"end":{"line":23,"column":null}},"21":{"start":{"line":23,"column":27},"end":{"line":23,"column":null}},"22":{"start":{"line":27,"column":4},"end":{"line":27,"column":null}},"23":{"start":{"line":27,"column":22},"end":{"line":27,"column":null}},"24":{"start":{"line":27,"column":22},"end":{"line":31,"column":null}},"25":{"start":{"line":31,"column":19},"end":{"line":34,"column":null}},"26":{"start":{"line":34,"column":19},"end":{"line":34,"column":null}},"27":{"start":{"line":34,"column":19},"end":{"line":33,"column":null}},"28":{"start":{"line":33,"column":67},"end":{"line":33,"column":null}},"29":{"start":{"line":33,"column":67},"end":{"line":35,"column":null}},"30":{"start":{"line":35,"column":51},"end":{"line":35,"column":null}},"31":{"start":{"line":37,"column":8},"end":{"line":37,"column":null}},"32":{"start":{"line":37,"column":67},"end":{"line":37,"column":null}},"33":{"start":{"line":37,"column":67},"end":{"line":41,"column":null}},"34":{"start":{"line":41,"column":27},"end":{"line":41,"column":null}},"35":{"start":{"line":44,"column":6},"end":{"line":44,"column":null}},"36":{"start":{"line":45,"column":6},"end":{"line":45,"column":22}},"37":{"start":{"line":45,"column":22},"end":{"line":45,"column":null}},"38":{"start":{"line":48,"column":1},"end":{"line":10,"column":18}}},"fnMap":{"0":{"name":"_getRequireWildcardCache","decl":{"start":{"line":8,"column":50},"end":{"line":8,"column":null}},"loc":{"start":{"line":8,"column":50},"end":{"line":8,"column":null}}},"1":{"name":"(anonymous_3)","decl":{"start":{"line":10,"column":15},"end":{"line":10,"column":18}},"loc":{"start":{"line":10,"column":15},"end":{"line":10,"column":18}}},"2":{"name":"_callee","decl":{"start":{"line":10,"column":18},"end":{"line":10,"column":null}},"loc":{"start":{"line":10,"column":18},"end":{"line":45,"column":null}}},"3":{"name":"cloudsite","decl":{"start":{"line":10,"column":6},"end":{"line":10,"column":15}},"loc":{"start":{"line":10,"column":15},"end":{"line":10,"column":18}}}},"branchMap":{"0":{"loc":{"start":{"line":8,"column":50},"end":{"line":8,"column":null}},"type":"if","locations":[{"start":{"line":8,"column":50},"end":{"line":8,"column":null}}]},"1":{"loc":{"start":{"line":8,"column":50},"end":{"line":8,"column":null}},"type":"cond-expr","locations":[{"start":{"line":8,"column":50},"end":{"line":8,"column":null}},{"start":{"line":8,"column":50},"end":{"line":8,"column":null}}]},"2":{"loc":{"start":{"line":8,"column":50},"end":{"line":8,"column":null}},"type":"binary-expr","locations":[{"start":{"line":8,"column":50},"end":{"line":8,"column":null}},{"start":{"line":8,"column":50},"end":{"line":8,"column":null}},{"start":{"line":8,"column":50},"end":{"line":8,"column":null}}]},"3":{"loc":{"start":{"line":10,"column":18},"end":{"line":45,"column":null}},"type":"switch","locations":[{"start":{"line":10,"column":18},"end":{"line":20,"column":null}},{"start":{"line":20,"column":92},"end":{"line":21,"column":null}},{"start":{"line":21,"column":52},"end":{"line":23,"column":null}},{"start":{"line":23,"column":27},"end":{"line":27,"column":null}},{"start":{"line":27,"column":22},"end":{"line":34,"column":null}},{"start":{"line":34,"column":19},"end":{"line":33,"column":null}},{"start":{"line":33,"column":67},"end":{"line":33,"column":null}},{"start":{"line":33,"column":67},"end":{"line":35,"column":null}},{"start":{"line":35,"column":51},"end":{"line":35,"column":null}},{"start":{"line":35,"column":51},"end":{"line":37,"column":null}},{"start":{"line":37,"column":67},"end":{"line":37,"column":null}},{"start":{"line":37,"column":67},"end":{"line":41,"column":null}},{"start":{"line":41,"column":27},"end":{"line":45,"column":22}},{"start":{"line":45,"column":22},"end":{"line":45,"column":null}},{"start":{"line":45,"column":22},"end":{"line":45,"column":null}}]},"4":{"loc":{"start":{"line":12,"column":15},"end":{"line":12,"column":41}},"type":"binary-expr","locations":[{"start":{"line":12,"column":15},"end":{"line":12,"column":35}},{"start":{"line":12,"column":39},"end":{"line":12,"column":41}}]},"5":{"loc":{"start":{"line":21,"column":52},"end":{"line":23,"column":null}},"type":"if","locations":[{"start":{"line":21,"column":52},"end":{"line":23,"column":null}}]},"6":{"loc":{"start":{"line":31,"column":19},"end":{"line":34,"column":null}},"type":"cond-expr","locations":[{"start":{"line":32,"column":26},"end":{"line":32,"column":null}},{"start":{"line":32,"column":26},"end":{"line":34,"column":null}}]},"7":{"loc":{"start":{"line":32,"column":26},"end":{"line":34,"column":null}},"type":"cond-expr","locations":[{"start":{"line":34,"column":19},"end":{"line":34,"column":null}},{"start":{"line":34,"column":19},"end":{"line":34,"column":null}}]},"8":{"loc":{"start":{"line":37,"column":67},"end":{"line":41,"column":null}},"type":"if","locations":[{"start":{"line":37,"column":67},"end":{"line":41,"column":null}}]}},"s":{"0":0,"1":0,"2":0,"3":0,"4":0,"5":0,"6":0,"7":0,"8":0,"9":0,"10":0,"11":0,"12":0,"13":0,"14":0,"15":0,"16":0,"17":0,"18":0,"19":0,"20":0,"21":0,"22":0,"23":0,"24":0,"25":0,"26":0,"27":0,"28":0,"29":0,"30":0,"31":0,"32":0,"33":0,"34":0,"35":0,"36":0,"37":0,"38":0},"f":{"0":0,"1":0,"2":0,"3":0},"b":{"0":[0],"1":[0,0],"2":[0,0,0],"3":[0,0,0,0,0,0,0,0,0,0,0,0,0,0,0],"4":[0,0],"5":[0],"6":[0,0],"7":[0,0],"8":[0]}}
,"/Users/zane/playground/cloudsite/src/cli/constants.mjs": {"path":"/Users/zane/playground/cloudsite/src/cli/constants.mjs","statementMap":{"0":{"start":{"line":1,"column":0},"end":{"line":1,"column":35}},"1":{"start":{"line":1,"column":35},"end":{"line":1,"column":null}},"2":{"start":{"line":3,"column":18},"end":{"line":3,"column":46}},"3":{"start":{"line":5,"column":20},"end":{"line":5,"column":99}},"4":{"start":{"line":7,"column":13},"end":{"line":62,"column":1}}},"fnMap":{"0":{"name":"_getRequireWildcardCache","decl":{"start":{"line":1,"column":35},"end":{"line":1,"column":null}},"loc":{"start":{"line":1,"column":35},"end":{"line":1,"column":null}}}},"branchMap":{"0":{"loc":{"start":{"line":1,"column":35},"end":{"line":1,"column":null}},"type":"if","locations":[{"start":{"line":1,"column":35},"end":{"line":1,"column":null}}]},"1":{"loc":{"start":{"line":1,"column":35},"end":{"line":1,"column":null}},"type":"cond-expr","locations":[{"start":{"line":1,"column":35},"end":{"line":1,"column":null}},{"start":{"line":1,"column":35},"end":{"line":1,"column":null}}]},"2":{"loc":{"start":{"line":1,"column":35},"end":{"line":1,"column":null}},"type":"binary-expr","locations":[{"start":{"line":1,"column":35},"end":{"line":1,"column":null}},{"start":{"line":1,"column":35},"end":{"line":1,"column":null}},{"start":{"line":1,"column":35},"end":{"line":1,"column":null}}]}},"s":{"0":1,"1":61,"2":1,"3":1,"4":1},"f":{"0":3},"b":{"0":[16],"1":[35,36],"2":[18,18,17]}}
,"/Users/zane/playground/cloudsite/src/cli/lib/handle-configuration.mjs": {"path":"/Users/zane/playground/cloudsite/src/cli/lib/handle-configuration.mjs","statementMap":{"0":{"start":{"line":1,"column":0},"end":{"line":1,"column":null}},"1":{"start":{"line":3,"column":0},"end":{"line":3,"column":null}},"2":{"start":{"line":4,"column":0},"end":{"line":4,"column":null}},"3":{"start":{"line":6,"column":25},"end":{"line":6,"column":28}},"4":{"start":{"line":6,"column":25},"end":{"line":21,"column":null}},"5":{"start":{"line":6,"column":28},"end":{"line":19,"column":null}},"6":{"start":{"line":6,"column":37},"end":{"line":6,"column":null}},"7":{"start":{"line":7,"column":8},"end":{"line":7,"column":null}},"8":{"start":{"line":7,"column":60},"end":{"line":7,"column":59}},"9":{"start":{"line":7,"column":60},"end":{"line":7,"column":92}},"10":{"start":{"line":8,"column":8},"end":{"line":8,"column":null}},"11":{"start":{"line":9,"column":8},"end":{"line":9,"column":null}},"12":{"start":{"line":10,"column":10},"end":{"line":10,"column":22}},"13":{"start":{"line":11,"column":2},"end":{"line":11,"column":null}},"14":{"start":{"line":11,"column":44},"end":{"line":13,"column":null}},"15":{"start":{"line":13,"column":17},"end":{"line":16,"column":null}},"16":{"start":{"line":16,"column":15},"end":{"line":16,"column":null}},"17":{"start":{"line":16,"column":15},"end":{"line":15,"column":null}},"18":{"start":{"line":15,"column":88},"end":{"line":15,"column":null}},"19":{"start":{"line":15,"column":88},"end":{"line":17,"column":null}},"20":{"start":{"line":17,"column":82},"end":{"line":17,"column":null}},"21":{"start":{"line":17,"column":82},"end":{"line":19,"column":null}},"22":{"start":{"line":19,"column":66},"end":{"line":19,"column":null}},"23":{"start":{"line":21,"column":1},"end":{"line":6,"column":28}}},"fnMap":{"0":{"name":"(anonymous_0)","decl":{"start":{"line":6,"column":25},"end":{"line":6,"column":28}},"loc":{"start":{"line":6,"column":25},"end":{"line":6,"column":28}}},"1":{"name":"_callee","decl":{"start":{"line":6,"column":28},"end":{"line":6,"column":37}},"loc":{"start":{"line":6,"column":28},"end":{"line":19,"column":null}}},"2":{"name":"(anonymous_3)","decl":{"start":{"line":7,"column":53},"end":{"line":7,"column":56}},"loc":{"start":{"line":7,"column":53},"end":{"line":7,"column":92}}},"3":{"name":"handleConfiguration","decl":{"start":{"line":6,"column":6},"end":{"line":6,"column":25}},"loc":{"start":{"line":6,"column":25},"end":{"line":6,"column":28}}}},"branchMap":{"0":{"loc":{"start":{"line":6,"column":28},"end":{"line":19,"column":null}},"type":"switch","locations":[{"start":{"line":6,"column":28},"end":{"line":16,"column":null}},{"start":{"line":16,"column":15},"end":{"line":15,"column":null}},{"start":{"line":15,"column":88},"end":{"line":15,"column":null}},{"start":{"line":15,"column":88},"end":{"line":17,"column":null}},{"start":{"line":17,"column":82},"end":{"line":17,"column":null}},{"start":{"line":17,"column":82},"end":{"line":19,"column":null}},{"start":{"line":19,"column":66},"end":{"line":19,"column":null}},{"start":{"line":19,"column":66},"end":{"line":19,"column":null}}]},"1":{"loc":{"start":{"line":11,"column":9},"end":{"line":11,"column":44}},"type":"binary-expr","locations":[{"start":{"line":11,"column":9},"end":{"line":11,"column":38}},{"start":{"line":11,"column":42},"end":{"line":11,"column":44}}]},"2":{"loc":{"start":{"line":13,"column":17},"end":{"line":16,"column":null}},"type":"cond-expr","locations":[{"start":{"line":14,"column":21},"end":{"line":14,"column":null}},{"start":{"line":14,"column":21},"end":{"line":16,"column":null}}]},"3":{"loc":{"start":{"line":14,"column":21},"end":{"line":16,"column":null}},"type":"cond-expr","locations":[{"start":{"line":16,"column":15},"end":{"line":16,"column":null}},{"start":{"line":16,"column":15},"end":{"line":16,"column":null}}]}},"s":{"0":0,"1":0,"2":0,"3":0,"4":0,"5":0,"6":0,"7":0,"8":0,"9":0,"10":0,"11":0,"12":0,"13":0,"14":0,"15":0,"16":0,"17":0,"18":0,"19":0,"20":0,"21":0,"22":0,"23":0},"f":{"0":0,"1":0,"2":0,"3":0},"b":{"0":[0,0,0,0,0,0,0,0],"1":[0,0],"2":[0,0],"3":[0,0]}}
,"/Users/zane/playground/cloudsite/src/cli/lib/handle-create.mjs": {"path":"/Users/zane/playground/cloudsite/src/cli/lib/handle-create.mjs","statementMap":{"0":{"start":{"line":1,"column":0},"end":{"line":1,"column":null}},"1":{"start":{"line":2,"column":0},"end":{"line":2,"column":null}},"2":{"start":{"line":4,"column":0},"end":{"line":4,"column":null}},"3":{"start":{"line":6,"column":0},"end":{"line":6,"column":null}},"4":{"start":{"line":7,"column":0},"end":{"line":7,"column":49}},"5":{"start":{"line":7,"column":49},"end":{"line":7,"column":null}},"6":{"start":{"line":9,"column":18},"end":{"line":9,"column":21}},"7":{"start":{"line":9,"column":18},"end":{"line":36,"column":null}},"8":{"start":{"line":9,"column":21},"end":{"line":35,"column":null}},"9":{"start":{"line":9,"column":30},"end":{"line":9,"column":null}},"10":{"start":{"line":10,"column":8},"end":{"line":10,"column":null}},"11":{"start":{"line":12,"column":8},"end":{"line":12,"column":null}},"12":{"start":{"line":12,"column":57},"end":{"line":12,"column":56}},"13":{"start":{"line":12,"column":57},"end":{"line":12,"column":82}},"14":{"start":{"line":13,"column":8},"end":{"line":13,"column":null}},"15":{"start":{"line":14,"column":2},"end":{"line":14,"column":null}},"16":{"start":{"line":15,"column":2},"end":{"line":15,"column":null}},"17":{"start":{"line":16,"column":2},"end":{"line":16,"column":null}},"18":{"start":{"line":18,"column":2},"end":{"line":24,"column":null}},"19":{"start":{"line":18,"column":13},"end":{"line":18,"column":23}},"20":{"start":{"line":19,"column":4},"end":{"line":23,"column":null}},"21":{"start":{"line":20,"column":6},"end":{"line":20,"column":null}},"22":{"start":{"line":22,"column":6},"end":{"line":22,"column":22}},"23":{"start":{"line":27,"column":2},"end":{"line":33,"column":3}},"24":{"start":{"line":28,"column":10},"end":{"line":28,"column":null}},"25":{"start":{"line":29,"column":4},"end":{"line":29,"column":null}},"26":{"start":{"line":30,"column":9},"end":{"line":33,"column":3}},"27":{"start":{"line":31,"column":4},"end":{"line":31,"column":null}},"28":{"start":{"line":32,"column":4},"end":{"line":32,"column":20}},"29":{"start":{"line":33,"column":3},"end":{"line":33,"column":null}},"30":{"start":{"line":33,"column":3},"end":{"line":35,"column":null}},"31":{"start":{"line":35,"column":23},"end":{"line":35,"column":null}},"32":{"start":{"line":36,"column":1},"end":{"line":9,"column":21}}},"fnMap":{"0":{"name":"_getRequireWildcardCache","decl":{"start":{"line":7,"column":49},"end":{"line":7,"column":null}},"loc":{"start":{"line":7,"column":49},"end":{"line":7,"column":null}}},"1":{"name":"(anonymous_3)","decl":{"start":{"line":9,"column":18},"end":{"line":9,"column":21}},"loc":{"start":{"line":9,"column":18},"end":{"line":9,"column":21}}},"2":{"name":"_callee","decl":{"start":{"line":9,"column":21},"end":{"line":9,"column":30}},"loc":{"start":{"line":9,"column":21},"end":{"line":35,"column":null}}},"3":{"name":"(anonymous_6)","decl":{"start":{"line":12,"column":50},"end":{"line":12,"column":53}},"loc":{"start":{"line":12,"column":50},"end":{"line":12,"column":82}}},"4":{"name":"handleCreate","decl":{"start":{"line":9,"column":6},"end":{"line":9,"column":18}},"loc":{"start":{"line":9,"column":18},"end":{"line":9,"column":21}}}},"branchMap":{"0":{"loc":{"start":{"line":7,"column":49},"end":{"line":7,"column":null}},"type":"if","locations":[{"start":{"line":7,"column":49},"end":{"line":7,"column":null}}]},"1":{"loc":{"start":{"line":7,"column":49},"end":{"line":7,"column":null}},"type":"cond-expr","locations":[{"start":{"line":7,"column":49},"end":{"line":7,"column":null}},{"start":{"line":7,"column":49},"end":{"line":7,"column":null}}]},"2":{"loc":{"start":{"line":7,"column":49},"end":{"line":7,"column":null}},"type":"binary-expr","locations":[{"start":{"line":7,"column":49},"end":{"line":7,"column":null}},{"start":{"line":7,"column":49},"end":{"line":7,"column":null}},{"start":{"line":7,"column":49},"end":{"line":7,"column":null}}]},"3":{"loc":{"start":{"line":9,"column":21},"end":{"line":35,"column":null}},"type":"switch","locations":[{"start":{"line":9,"column":21},"end":{"line":35,"column":null}},{"start":{"line":35,"column":23},"end":{"line":35,"column":null}},{"start":{"line":35,"column":23},"end":{"line":35,"column":null}}]},"4":{"loc":{"start":{"line":19,"column":4},"end":{"line":23,"column":null}},"type":"if","locations":[{"start":{"line":19,"column":4},"end":{"line":23,"column":null}}]},"5":{"loc":{"start":{"line":27,"column":2},"end":{"line":33,"column":3}},"type":"if","locations":[{"start":{"line":27,"column":2},"end":{"line":33,"column":3}},{"start":{"line":30,"column":9},"end":{"line":33,"column":3}}]},"6":{"loc":{"start":{"line":29,"column":25},"end":{"line":29,"column":84}},"type":"cond-expr","locations":[{"start":{"line":29,"column":60},"end":{"line":29,"column":72}},{"start":{"line":29,"column":75},"end":{"line":29,"column":84}}]},"7":{"loc":{"start":{"line":30,"column":9},"end":{"line":33,"column":3}},"type":"if","locations":[{"start":{"line":30,"column":9},"end":{"line":33,"column":3}}]}},"s":{"0":0,"1":0,"2":0,"3":0,"4":0,"5":0,"6":0,"7":0,"8":0,"9":0,"10":0,"11":0,"12":0,"13":0,"14":0,"15":0,"16":0,"17":0,"18":0,"19":0,"20":0,"21":0,"22":0,"23":0,"24":0,"25":0,"26":0,"27":0,"28":0,"29":0,"30":0,"31":0,"32":0},"f":{"0":0,"1":0,"2":0,"3":0,"4":0},"b":{"0":[0],"1":[0,0],"2":[0,0,0],"3":[0,0,0],"4":[0],"5":[0,0],"6":[0,0],"7":[0]}}
,"/Users/zane/playground/cloudsite/src/cli/lib/configuration/handle-configuration-initialize.mjs": {"path":"/Users/zane/playground/cloudsite/src/cli/lib/configuration/handle-configuration-initialize.mjs","statementMap":{"0":{"start":{"line":1,"column":0},"end":{"line":1,"column":null}},"1":{"start":{"line":2,"column":0},"end":{"line":2,"column":null}},"2":{"start":{"line":4,"column":0},"end":{"line":4,"column":null}},"3":{"start":{"line":6,"column":0},"end":{"line":6,"column":48}},"4":{"start":{"line":6,"column":48},"end":{"line":6,"column":null}},"5":{"start":{"line":8,"column":35},"end":{"line":8,"column":38}},"6":{"start":{"line":8,"column":35},"end":{"line":30,"column":null}},"7":{"start":{"line":8,"column":38},"end":{"line":29,"column":null}},"8":{"start":{"line":9,"column":8},"end":{"line":17,"column":null}},"9":{"start":{"line":19,"column":8},"end":{"line":19,"column":null}},"10":{"start":{"line":19,"column":60},"end":{"line":19,"column":null}},"11":{"start":{"line":19,"column":60},"end":{"line":20,"column":null}},"12":{"start":{"line":22,"column":8},"end":{"line":23,"column":null}},"13":{"start":{"line":23,"column":29},"end":{"line":23,"column":28}},"14":{"start":{"line":23,"column":36},"end":{"line":23,"column":35}},"15":{"start":{"line":23,"column":45},"end":{"line":23,"column":69}},"16":{"start":{"line":23,"column":69},"end":{"line":23,"column":80}},"17":{"start":{"line":25,"column":8},"end":{"line":25,"column":null}},"18":{"start":{"line":26,"column":8},"end":{"line":26,"column":null}},"19":{"start":{"line":26,"column":67},"end":{"line":26,"column":null}},"20":{"start":{"line":26,"column":67},"end":{"line":28,"column":null}},"21":{"start":{"line":28,"column":73},"end":{"line":28,"column":null}},"22":{"start":{"line":28,"column":73},"end":{"line":29,"column":null}},"23":{"start":{"line":29,"column":85},"end":{"line":29,"column":null}},"24":{"start":{"line":30,"column":1},"end":{"line":8,"column":38}}},"fnMap":{"0":{"name":"_getRequireWildcardCache","decl":{"start":{"line":6,"column":48},"end":{"line":6,"column":null}},"loc":{"start":{"line":6,"column":48},"end":{"line":6,"column":null}}},"1":{"name":"(anonymous_3)","decl":{"start":{"line":8,"column":35},"end":{"line":8,"column":38}},"loc":{"start":{"line":8,"column":35},"end":{"line":8,"column":38}}},"2":{"name":"_callee","decl":{"start":{"line":8,"column":38},"end":{"line":8,"column":null}},"loc":{"start":{"line":8,"column":38},"end":{"line":29,"column":null}}},"3":{"name":"(anonymous_6)","decl":{"start":{"line":23,"column":12},"end":{"line":23,"column":13}},"loc":{"start":{"line":23,"column":43},"end":{"line":23,"column":81}}},"4":{"name":"handleConfigurationInitialize","decl":{"start":{"line":8,"column":6},"end":{"line":8,"column":35}},"loc":{"start":{"line":8,"column":35},"end":{"line":8,"column":38}}}},"branchMap":{"0":{"loc":{"start":{"line":6,"column":48},"end":{"line":6,"column":null}},"type":"if","locations":[{"start":{"line":6,"column":48},"end":{"line":6,"column":null}}]},"1":{"loc":{"start":{"line":6,"column":48},"end":{"line":6,"column":null}},"type":"cond-expr","locations":[{"start":{"line":6,"column":48},"end":{"line":6,"column":null}},{"start":{"line":6,"column":48},"end":{"line":6,"column":null}}]},"2":{"loc":{"start":{"line":6,"column":48},"end":{"line":6,"column":null}},"type":"binary-expr","locations":[{"start":{"line":6,"column":48},"end":{"line":6,"column":null}},{"start":{"line":6,"column":48},"end":{"line":6,"column":null}},{"start":{"line":6,"column":48},"end":{"line":6,"column":null}}]},"3":{"loc":{"start":{"line":8,"column":38},"end":{"line":29,"column":null}},"type":"switch","locations":[{"start":{"line":8,"column":38},"end":{"line":20,"column":null}},{"start":{"line":20,"column":29},"end":{"line":28,"column":null}},{"start":{"line":28,"column":73},"end":{"line":29,"column":null}},{"start":{"line":29,"column":85},"end":{"line":29,"column":null}},{"start":{"line":29,"column":85},"end":{"line":29,"column":null}}]}},"s":{"0":0,"1":0,"2":0,"3":0,"4":0,"5":0,"6":0,"7":0,"8":0,"9":0,"10":0,"11":0,"12":0,"13":0,"14":0,"15":0,"16":0,"17":0,"18":0,"19":0,"20":0,"21":0,"22":0,"23":0,"24":0},"f":{"0":0,"1":0,"2":0,"3":0,"4":0},"b":{"0":[0],"1":[0,0],"2":[0,0,0],"3":[0,0,0,0,0]}}
,"/Users/zane/playground/cloudsite/src/cli/lib/configuration/handle-configuration-show.mjs": {"path":"/Users/zane/playground/cloudsite/src/cli/lib/configuration/handle-configuration-show.mjs","statementMap":{"0":{"start":{"line":1,"column":0},"end":{"line":1,"column":null}},"1":{"start":{"line":3,"column":0},"end":{"line":3,"column":48}},"2":{"start":{"line":3,"column":48},"end":{"line":3,"column":null}},"3":{"start":{"line":5,"column":29},"end":{"line":5,"column":32}},"4":{"start":{"line":5,"column":29},"end":{"line":9,"column":null}},"5":{"start":{"line":5,"column":32},"end":{"line":8,"column":null}},"6":{"start":{"line":6,"column":8},"end":{"line":6,"column":null}},"7":{"start":{"line":6,"column":42},"end":{"line":6,"column":null}},"8":{"start":{"line":6,"column":42},"end":{"line":7,"column":null}},"9":{"start":{"line":7,"column":8},"end":{"line":7,"column":38}},"10":{"start":{"line":8,"column":2},"end":{"line":8,"column":null}},"11":{"start":{"line":8,"column":45},"end":{"line":8,"column":null}},"12":{"start":{"line":9,"column":1},"end":{"line":5,"column":32}}},"fnMap":{"0":{"name":"_getRequireWildcardCache","decl":{"start":{"line":3,"column":48},"end":{"line":3,"column":null}},"loc":{"start":{"line":3,"column":48},"end":{"line":3,"column":null}}},"1":{"name":"(anonymous_3)","decl":{"start":{"line":5,"column":29},"end":{"line":5,"column":32}},"loc":{"start":{"line":5,"column":29},"end":{"line":5,"column":32}}},"2":{"name":"_callee","decl":{"start":{"line":5,"column":32},"end":{"line":5,"column":null}},"loc":{"start":{"line":5,"column":32},"end":{"line":8,"column":null}}},"3":{"name":"handleConfigurationShow","decl":{"start":{"line":5,"column":6},"end":{"line":5,"column":29}},"loc":{"start":{"line":5,"column":29},"end":{"line":5,"column":32}}}},"branchMap":{"0":{"loc":{"start":{"line":3,"column":48},"end":{"line":3,"column":null}},"type":"if","locations":[{"start":{"line":3,"column":48},"end":{"line":3,"column":null}}]},"1":{"loc":{"start":{"line":3,"column":48},"end":{"line":3,"column":null}},"type":"cond-expr","locations":[{"start":{"line":3,"column":48},"end":{"line":3,"column":null}},{"start":{"line":3,"column":48},"end":{"line":3,"column":null}}]},"2":{"loc":{"start":{"line":3,"column":48},"end":{"line":3,"column":null}},"type":"binary-expr","locations":[{"start":{"line":3,"column":48},"end":{"line":3,"column":null}},{"start":{"line":3,"column":48},"end":{"line":3,"column":null}},{"start":{"line":3,"column":48},"end":{"line":3,"column":null}}]},"3":{"loc":{"start":{"line":5,"column":32},"end":{"line":8,"column":null}},"type":"switch","locations":[{"start":{"line":5,"column":32},"end":{"line":7,"column":null}},{"start":{"line":7,"column":91},"end":{"line":8,"column":null}},{"start":{"line":8,"column":45},"end":{"line":8,"column":null}},{"start":{"line":8,"column":45},"end":{"line":8,"column":null}}]}},"s":{"0":1,"1":1,"2":16,"3":2,"4":1,"5":5,"6":1,"7":1,"8":1,"9":1,"10":1,"11":1,"12":1},"f":{"0":3,"1":1,"2":3,"3":1},"b":{"0":[1],"1":[5,6],"2":[3,3,2],"3":[1,1,1,1]}}
,"/Users/zane/playground/cloudsite/src/lib/actions/create.mjs": {"path":"/Users/zane/playground/cloudsite/src/lib/actions/create.mjs","statementMap":{"0":{"start":{"line":1,"column":0},"end":{"line":1,"column":null}},"1":{"start":{"line":2,"column":0},"end":{"line":2,"column":null}},"2":{"start":{"line":4,"column":12},"end":{"line":4,"column":15}},"3":{"start":{"line":4,"column":12},"end":{"line":8,"column":null}},"4":{"start":{"line":4,"column":15},"end":{"line":7,"column":null}},"5":{"start":{"line":4,"column":24},"end":{"line":4,"column":null}},"6":{"start":{"line":4,"column":76},"end":{"line":4,"column":null}},"7":{"start":{"line":4,"column":76},"end":{"line":5,"column":null}},"8":{"start":{"line":5,"column":8},"end":{"line":5,"column":31}},"9":{"start":{"line":7,"column":2},"end":{"line":7,"column":null}},"10":{"start":{"line":7,"column":66},"end":{"line":7,"column":null}},"11":{"start":{"line":8,"column":1},"end":{"line":4,"column":15}},"12":{"start":{"line":10,"column":23},"end":{"line":10,"column":26}},"13":{"start":{"line":10,"column":23},"end":{"line":70,"column":null}},"14":{"start":{"line":10,"column":26},"end":{"line":69,"column":null}},"15":{"start":{"line":10,"column":35},"end":{"line":10,"column":null}},"16":{"start":{"line":13,"column":8},"end":{"line":32,"column":null}},"17":{"start":{"line":34,"column":8},"end":{"line":37,"column":null}},"18":{"start":{"line":38,"column":8},"end":{"line":62,"column":null}},"19":{"start":{"line":64,"column":8},"end":{"line":64,"column":null}},"20":{"start":{"line":64,"column":54},"end":{"line":64,"column":null}},"21":{"start":{"line":64,"column":54},"end":{"line":65,"column":null}},"22":{"start":{"line":65,"column":8},"end":{"line":65,"column":25}},"23":{"start":{"line":67,"column":10},"end":{"line":67,"column":29}},"24":{"start":{"line":67,"column":24},"end":{"line":69,"column":null}},"25":{"start":{"line":69,"column":23},"end":{"line":69,"column":null}},"26":{"start":{"line":70,"column":1},"end":{"line":10,"column":26}}},"fnMap":{"0":{"name":"(anonymous_0)","decl":{"start":{"line":4,"column":12},"end":{"line":4,"column":15}},"loc":{"start":{"line":4,"column":12},"end":{"line":4,"column":15}}},"1":{"name":"_callee","decl":{"start":{"line":4,"column":15},"end":{"line":4,"column":24}},"loc":{"start":{"line":4,"column":15},"end":{"line":7,"column":null}}},"2":{"name":"create","decl":{"start":{"line":4,"column":6},"end":{"line":4,"column":12}},"loc":{"start":{"line":4,"column":12},"end":{"line":4,"column":15}}},"3":{"name":"(anonymous_4)","decl":{"start":{"line":10,"column":23},"end":{"line":10,"column":26}},"loc":{"start":{"line":10,"column":23},"end":{"line":10,"column":26}}},"4":{"name":"_callee2","decl":{"start":{"line":10,"column":26},"end":{"line":10,"column":35}},"loc":{"start":{"line":10,"column":26},"end":{"line":69,"column":null}}},"5":{"name":"createCertificate","decl":{"start":{"line":10,"column":6},"end":{"line":10,"column":23}},"loc":{"start":{"line":10,"column":23},"end":{"line":10,"column":26}}}},"branchMap":{"0":{"loc":{"start":{"line":4,"column":15},"end":{"line":7,"column":null}},"type":"switch","locations":[{"start":{"line":4,"column":15},"end":{"line":5,"column":null}},{"start":{"line":5,"column":88},"end":{"line":7,"column":null}},{"start":{"line":7,"column":66},"end":{"line":7,"column":null}},{"start":{"line":7,"column":66},"end":{"line":7,"column":null}}]},"1":{"loc":{"start":{"line":10,"column":26},"end":{"line":69,"column":null}},"type":"switch","locations":[{"start":{"line":10,"column":26},"end":{"line":65,"column":null}},{"start":{"line":65,"column":45},"end":{"line":69,"column":null}},{"start":{"line":69,"column":23},"end":{"line":69,"column":null}},{"start":{"line":69,"column":23},"end":{"line":69,"column":null}}]}},"s":{"0":0,"1":0,"2":0,"3":0,"4":0,"5":0,"6":0,"7":0,"8":0,"9":0,"10":0,"11":0,"12":0,"13":0,"14":0,"15":0,"16":0,"17":0,"18":0,"19":0,"20":0,"21":0,"22":0,"23":0,"24":0,"25":0,"26":0},"f":{"0":0,"1":0,"2":0,"3":0,"4":0,"5":0},"b":{"0":[0,0,0,0],"1":[0,0,0,0]}}
}
