{"/Users/zane/playground/cloudsite/src/cli/cloudsite.mjs": {"path":"/Users/zane/playground/cloudsite/src/cli/cloudsite.mjs","statementMap":{"0":{"start":{"line":1,"column":0},"end":{"line":1,"column":null}},"1":{"start":{"line":3,"column":0},"end":{"line":3,"column":null}},"2":{"start":{"line":4,"column":0},"end":{"line":4,"column":null}},"3":{"start":{"line":6,"column":0},"end":{"line":6,"column":null}},"4":{"start":{"line":7,"column":0},"end":{"line":7,"column":null}},"5":{"start":{"line":8,"column":0},"end":{"line":8,"column":null}},"6":{"start":{"line":9,"column":0},"end":{"line":9,"column":null}},"7":{"start":{"line":10,"column":0},"end":{"line":10,"column":null}},"8":{"start":{"line":11,"column":0},"end":{"line":11,"column":50}},"9":{"start":{"line":11,"column":50},"end":{"line":11,"column":null}},"10":{"start":{"line":13,"column":18},"end":{"line":80,"column":1}},"11":{"start":{"line":14,"column":22},"end":{"line":14,"column":89}},"12":{"start":{"line":15,"column":15},"end":{"line":15,"column":41}},"13":{"start":{"line":17,"column":34},"end":{"line":17,"column":45}},"14":{"start":{"line":18,"column":21},"end":{"line":18,"column":47}},"15":{"start":{"line":21,"column":2},"end":{"line":30,"column":null}},"16":{"start":{"line":22,"column":33},"end":{"line":22,"column":94}},"17":{"start":{"line":23,"column":4},"end":{"line":23,"column":null}},"18":{"start":{"line":25,"column":4},"end":{"line":27,"column":null}},"19":{"start":{"line":26,"column":6},"end":{"line":26,"column":null}},"20":{"start":{"line":29,"column":4},"end":{"line":29,"column":null}},"21":{"start":{"line":32,"column":2},"end":{"line":43,"column":null}},"22":{"start":{"line":33,"column":4},"end":{"line":42,"column":null}},"23":{"start":{"line":34,"column":31},"end":{"line":34,"column":88}},"24":{"start":{"line":35,"column":6},"end":{"line":35,"column":null}},"25":{"start":{"line":37,"column":6},"end":{"line":39,"column":null}},"26":{"start":{"line":38,"column":8},"end":{"line":38,"column":null}},"27":{"start":{"line":41,"column":6},"end":{"line":41,"column":null}},"28":{"start":{"line":44,"column":24},"end":{"line":44,"column":50}},"29":{"start":{"line":46,"column":2},"end":{"line":78,"column":null}},"30":{"start":{"line":47,"column":4},"end":{"line":61,"column":null}},"31":{"start":{"line":49,"column":8},"end":{"line":49,"column":69}},"32":{"start":{"line":49,"column":69},"end":{"line":49,"column":null}},"33":{"start":{"line":51,"column":8},"end":{"line":51,"column":64}},"34":{"start":{"line":51,"column":64},"end":{"line":51,"column":null}},"35":{"start":{"line":53,"column":8},"end":{"line":53,"column":65}},"36":{"start":{"line":53,"column":65},"end":{"line":53,"column":null}},"37":{"start":{"line":55,"column":8},"end":{"line":55,"column":72}},"38":{"start":{"line":55,"column":72},"end":{"line":55,"column":null}},"39":{"start":{"line":57,"column":8},"end":{"line":57,"column":64}},"40":{"start":{"line":57,"column":64},"end":{"line":57,"column":null}},"41":{"start":{"line":59,"column":8},"end":{"line":59,"column":null}},"42":{"start":{"line":63,"column":4},"end":{"line":63,"column":null}},"43":{"start":{"line":64,"column":4},"end":{"line":77,"column":null}},"44":{"start":{"line":65,"column":6},"end":{"line":65,"column":null}},"45":{"start":{"line":66,"column":11},"end":{"line":77,"column":null}},"46":{"start":{"line":67,"column":20},"end":{"line":67,"column":131}},"47":{"start":{"line":68,"column":6},"end":{"line":70,"column":null}},"48":{"start":{"line":69,"column":8},"end":{"line":69,"column":null}},"49":{"start":{"line":71,"column":6},"end":{"line":71,"column":null}},"50":{"start":{"line":72,"column":6},"end":{"line":72,"column":null}},"51":{"start":{"line":73,"column":6},"end":{"line":73,"column":22}},"52":{"start":{"line":75,"column":6},"end":{"line":75,"column":null}},"53":{"start":{"line":76,"column":6},"end":{"line":76,"column":22}},"54":{"start":{"line":79,"column":2},"end":{"line":79,"column":null}},"55":{"start":{"line":80,"column":1},"end":{"line":80,"column":null}},"56":{"start":{"line":82,"column":32},"end":{"line":87,"column":1}},"57":{"start":{"line":83,"column":2},"end":{"line":86,"column":null}},"58":{"start":{"line":84,"column":29},"end":{"line":84,"column":66}},"59":{"start":{"line":85,"column":4},"end":{"line":85,"column":null}}},"fnMap":{"0":{"name":"_getRequireWildcardCache","decl":{"start":{"line":11,"column":50},"end":{"line":11,"column":null}},"loc":{"start":{"line":11,"column":50},"end":{"line":11,"column":null}}},"1":{"name":"(anonymous_3)","decl":{"start":{"line":13,"column":18},"end":{"line":13,"column":30}},"loc":{"start":{"line":13,"column":30},"end":{"line":80,"column":1}}},"2":{"name":"(anonymous_4)","decl":{"start":{"line":82,"column":32},"end":{"line":82,"column":39}},"loc":{"start":{"line":82,"column":72},"end":{"line":87,"column":1}}}},"branchMap":{"0":{"loc":{"start":{"line":11,"column":50},"end":{"line":11,"column":null}},"type":"if","locations":[{"start":{"line":11,"column":50},"end":{"line":11,"column":null}}]},"1":{"loc":{"start":{"line":11,"column":50},"end":{"line":11,"column":null}},"type":"cond-expr","locations":[{"start":{"line":11,"column":50},"end":{"line":11,"column":null}},{"start":{"line":11,"column":50},"end":{"line":11,"column":null}}]},"2":{"loc":{"start":{"line":11,"column":50},"end":{"line":11,"column":null}},"type":"binary-expr","locations":[{"start":{"line":11,"column":50},"end":{"line":11,"column":null}},{"start":{"line":11,"column":50},"end":{"line":11,"column":null}},{"start":{"line":11,"column":50},"end":{"line":11,"column":null}}]},"3":{"loc":{"start":{"line":15,"column":15},"end":{"line":15,"column":41}},"type":"binary-expr","locations":[{"start":{"line":15,"column":15},"end":{"line":15,"column":35}},{"start":{"line":15,"column":39},"end":{"line":15,"column":41}}]},"4":{"loc":{"start":{"line":25,"column":4},"end":{"line":27,"column":null}},"type":"if","locations":[{"start":{"line":25,"column":4},"end":{"line":27,"column":null}}]},"5":{"loc":{"start":{"line":32,"column":2},"end":{"line":43,"column":null}},"type":"if","locations":[{"start":{"line":32,"column":2},"end":{"line":43,"column":null}}]},"6":{"loc":{"start":{"line":37,"column":6},"end":{"line":39,"column":null}},"type":"if","locations":[{"start":{"line":37,"column":6},"end":{"line":39,"column":null}}]},"7":{"loc":{"start":{"line":47,"column":4},"end":{"line":61,"column":null}},"type":"switch","locations":[{"start":{"line":48,"column":6},"end":{"line":49,"column":null}},{"start":{"line":50,"column":6},"end":{"line":51,"column":null}},{"start":{"line":52,"column":6},"end":{"line":53,"column":null}},{"start":{"line":54,"column":6},"end":{"line":55,"column":null}},{"start":{"line":56,"column":6},"end":{"line":57,"column":null}},{"start":{"line":58,"column":6},"end":{"line":59,"column":null}}]},"8":{"loc":{"start":{"line":64,"column":4},"end":{"line":77,"column":null}},"type":"if","locations":[{"start":{"line":64,"column":4},"end":{"line":77,"column":null}},{"start":{"line":66,"column":11},"end":{"line":77,"column":null}}]},"9":{"loc":{"start":{"line":66,"column":11},"end":{"line":77,"column":null}},"type":"if","locations":[{"start":{"line":66,"column":11},"end":{"line":77,"column":null}},{"start":{"line":74,"column":11},"end":{"line":77,"column":null}}]},"10":{"loc":{"start":{"line":68,"column":6},"end":{"line":70,"column":null}},"type":"if","locations":[{"start":{"line":68,"column":6},"end":{"line":70,"column":null}}]},"11":{"loc":{"start":{"line":83,"column":2},"end":{"line":86,"column":null}},"type":"if","locations":[{"start":{"line":83,"column":2},"end":{"line":86,"column":null}}]}},"s":{"0":0,"1":0,"2":0,"3":0,"4":0,"5":0,"6":0,"7":0,"8":0,"9":0,"10":0,"11":0,"12":0,"13":0,"14":0,"15":0,"16":0,"17":0,"18":0,"19":0,"20":0,"21":0,"22":0,"23":0,"24":0,"25":0,"26":0,"27":0,"28":0,"29":0,"30":0,"31":0,"32":0,"33":0,"34":0,"35":0,"36":0,"37":0,"38":0,"39":0,"40":0,"41":0,"42":0,"43":0,"44":0,"45":0,"46":0,"47":0,"48":0,"49":0,"50":0,"51":0,"52":0,"53":0,"54":0,"55":0,"56":0,"57":0,"58":0,"59":0},"f":{"0":0,"1":0,"2":0},"b":{"0":[0],"1":[0,0],"2":[0,0,0],"3":[0,0],"4":[0],"5":[0],"6":[0],"7":[0,0,0,0,0,0],"8":[0,0],"9":[0,0],"10":[0],"11":[0]}}
,"/Users/zane/playground/cloudsite/src/cli/constants.mjs": {"path":"/Users/zane/playground/cloudsite/src/cli/constants.mjs","statementMap":{"0":{"start":{"line":1,"column":0},"end":{"line":1,"column":35}},"1":{"start":{"line":1,"column":35},"end":{"line":1,"column":null}},"2":{"start":{"line":3,"column":18},"end":{"line":3,"column":46}},"3":{"start":{"line":5,"column":25},"end":{"line":5,"column":104}},"4":{"start":{"line":7,"column":21},"end":{"line":7,"column":91}},"5":{"start":{"line":9,"column":13},"end":{"line":166,"column":1}}},"fnMap":{"0":{"name":"_getRequireWildcardCache","decl":{"start":{"line":1,"column":35},"end":{"line":1,"column":null}},"loc":{"start":{"line":1,"column":35},"end":{"line":1,"column":null}}}},"branchMap":{"0":{"loc":{"start":{"line":1,"column":35},"end":{"line":1,"column":null}},"type":"if","locations":[{"start":{"line":1,"column":35},"end":{"line":1,"column":null}}]},"1":{"loc":{"start":{"line":1,"column":35},"end":{"line":1,"column":null}},"type":"cond-expr","locations":[{"start":{"line":1,"column":35},"end":{"line":1,"column":null}},{"start":{"line":1,"column":35},"end":{"line":1,"column":null}}]},"2":{"loc":{"start":{"line":1,"column":35},"end":{"line":1,"column":null}},"type":"binary-expr","locations":[{"start":{"line":1,"column":35},"end":{"line":1,"column":null}},{"start":{"line":1,"column":35},"end":{"line":1,"column":null}},{"start":{"line":1,"column":35},"end":{"line":1,"column":null}}]}},"s":{"0":1,"1":61,"2":1,"3":1,"4":1,"5":1},"f":{"0":3},"b":{"0":[16],"1":[35,36],"2":[18,18,17]}}
,"/Users/zane/playground/cloudsite/src/cli/lib/error-out.mjs": {"path":"/Users/zane/playground/cloudsite/src/cli/lib/error-out.mjs","statementMap":{"0":{"start":{"line":1,"column":17},"end":{"line":4,"column":1}},"1":{"start":{"line":2,"column":2},"end":{"line":2,"column":null}},"2":{"start":{"line":3,"column":2},"end":{"line":3,"column":21}},"3":{"start":{"line":4,"column":1},"end":{"line":4,"column":null}}},"fnMap":{"0":{"name":"(anonymous_0)","decl":{"start":{"line":1,"column":17},"end":{"line":1,"column":18}},"loc":{"start":{"line":1,"column":32},"end":{"line":4,"column":1}}}},"branchMap":{},"s":{"0":0,"1":0,"2":0,"3":0},"f":{"0":0},"b":{}}
,"/Users/zane/playground/cloudsite/src/cli/lib/get-site-info.mjs": {"path":"/Users/zane/playground/cloudsite/src/cli/lib/get-site-info.mjs","statementMap":{"0":{"start":{"line":1,"column":0},"end":{"line":1,"column":null}},"1":{"start":{"line":3,"column":20},"end":{"line":14,"column":1}},"2":{"start":{"line":4,"column":2},"end":{"line":6,"column":null}},"3":{"start":{"line":5,"column":4},"end":{"line":5,"column":null}},"4":{"start":{"line":8,"column":19},"end":{"line":8,"column":40}},"5":{"start":{"line":9,"column":2},"end":{"line":11,"column":null}},"6":{"start":{"line":10,"column":4},"end":{"line":10,"column":null}},"7":{"start":{"line":13,"column":2},"end":{"line":13,"column":null}},"8":{"start":{"line":14,"column":1},"end":{"line":14,"column":null}}},"fnMap":{"0":{"name":"(anonymous_0)","decl":{"start":{"line":3,"column":20},"end":{"line":3,"column":21}},"loc":{"start":{"line":3,"column":51},"end":{"line":14,"column":1}}}},"branchMap":{"0":{"loc":{"start":{"line":4,"column":2},"end":{"line":6,"column":null}},"type":"if","locations":[{"start":{"line":4,"column":2},"end":{"line":6,"column":null}}]},"1":{"loc":{"start":{"line":9,"column":2},"end":{"line":11,"column":null}},"type":"if","locations":[{"start":{"line":9,"column":2},"end":{"line":11,"column":null}}]}},"s":{"0":0,"1":0,"2":0,"3":0,"4":0,"5":0,"6":0,"7":0,"8":0},"f":{"0":0},"b":{"0":[0],"1":[0]}}
,"/Users/zane/playground/cloudsite/src/cli/lib/get-value-container-and-key.mjs": {"path":"/Users/zane/playground/cloudsite/src/cli/lib/get-value-container-and-key.mjs","statementMap":{"0":{"start":{"line":1,"column":0},"end":{"line":1,"column":null}},"1":{"start":{"line":3,"column":32},"end":{"line":36,"column":1}},"2":{"start":{"line":4,"column":19},"end":{"line":4,"column":34}},"3":{"start":{"line":6,"column":2},"end":{"line":35,"column":null}},"4":{"start":{"line":7,"column":4},"end":{"line":34,"column":null}},"5":{"start":{"line":8,"column":6},"end":{"line":8,"column":null}},"6":{"start":{"line":9,"column":6},"end":{"line":21,"column":null}},"7":{"start":{"line":10,"column":40},"end":{"line":10,"column":44}},"8":{"start":{"line":11,"column":8},"end":{"line":13,"column":null}},"9":{"start":{"line":12,"column":10},"end":{"line":12,"column":null}},"10":{"start":{"line":14,"column":8},"end":{"line":16,"column":null}},"11":{"start":{"line":15,"column":10},"end":{"line":15,"column":null}},"12":{"start":{"line":18,"column":8},"end":{"line":20,"column":null}},"13":{"start":{"line":19,"column":10},"end":{"line":19,"column":null}},"14":{"start":{"line":23,"column":6},"end":{"line":23,"column":null}},"15":{"start":{"line":25,"column":23},"end":{"line":25,"column":32}},"16":{"start":{"line":26,"column":6},"end":{"line":28,"column":null}},"17":{"start":{"line":27,"column":8},"end":{"line":27,"column":null}},"18":{"start":{"line":29,"column":24},"end":{"line":29,"column":42}},"19":{"start":{"line":30,"column":6},"end":{"line":32,"column":null}},"20":{"start":{"line":31,"column":8},"end":{"line":31,"column":null}},"21":{"start":{"line":33,"column":6},"end":{"line":33,"column":null}},"22":{"start":{"line":36,"column":1},"end":{"line":36,"column":null}}},"fnMap":{"0":{"name":"(anonymous_0)","decl":{"start":{"line":3,"column":32},"end":{"line":3,"column":33}},"loc":{"start":{"line":3,"column":74},"end":{"line":36,"column":1}}},"1":{"name":"(anonymous_1)","decl":{"start":{"line":6,"column":25},"end":{"line":6,"column":26}},"loc":{"start":{"line":6,"column":60},"end":{"line":35,"column":3}}}},"branchMap":{"0":{"loc":{"start":{"line":7,"column":4},"end":{"line":34,"column":null}},"type":"if","locations":[{"start":{"line":7,"column":4},"end":{"line":34,"column":null}},{"start":{"line":24,"column":11},"end":{"line":34,"column":null}}]},"1":{"loc":{"start":{"line":8,"column":10},"end":{"line":8,"column":24}},"type":"cond-expr","locations":[{"start":{"line":8,"column":17},"end":{"line":8,"column":20}},{"start":{"line":8,"column":13},"end":{"line":8,"column":24}}]},"2":{"loc":{"start":{"line":8,"column":10},"end":{"line":8,"column":20}},"type":"binary-expr","locations":[{"start":{"line":8,"column":10},"end":{"line":8,"column":20}},{"start":{"line":8,"column":17},"end":{"line":8,"column":20}}]},"3":{"loc":{"start":{"line":9,"column":6},"end":{"line":21,"column":null}},"type":"if","locations":[{"start":{"line":9,"column":6},"end":{"line":21,"column":null}}]},"4":{"loc":{"start":{"line":11,"column":8},"end":{"line":13,"column":null}},"type":"if","locations":[{"start":{"line":11,"column":8},"end":{"line":13,"column":null}}]},"5":{"loc":{"start":{"line":11,"column":12},"end":{"line":11,"column":61}},"type":"binary-expr","locations":[{"start":{"line":11,"column":12},"end":{"line":11,"column":36}},{"start":{"line":11,"column":40},"end":{"line":11,"column":61}}]},"6":{"loc":{"start":{"line":14,"column":8},"end":{"line":16,"column":null}},"type":"if","locations":[{"start":{"line":14,"column":8},"end":{"line":16,"column":null}}]},"7":{"loc":{"start":{"line":14,"column":12},"end":{"line":14,"column":66}},"type":"binary-expr","locations":[{"start":{"line":14,"column":12},"end":{"line":14,"column":33}},{"start":{"line":14,"column":37},"end":{"line":14,"column":66}}]},"8":{"loc":{"start":{"line":18,"column":8},"end":{"line":20,"column":null}},"type":"if","locations":[{"start":{"line":18,"column":8},"end":{"line":20,"column":null}}]},"9":{"loc":{"start":{"line":18,"column":12},"end":{"line":18,"column":58}},"type":"binary-expr","locations":[{"start":{"line":18,"column":12},"end":{"line":18,"column":36}},{"start":{"line":18,"column":40},"end":{"line":18,"column":58}}]},"10":{"loc":{"start":{"line":26,"column":6},"end":{"line":28,"column":null}},"type":"if","locations":[{"start":{"line":26,"column":6},"end":{"line":28,"column":null}}]},"11":{"loc":{"start":{"line":26,"column":10},"end":{"line":26,"column":41}},"type":"binary-expr","locations":[{"start":{"line":26,"column":10},"end":{"line":26,"column":32}},{"start":{"line":26,"column":36},"end":{"line":26,"column":41}}]},"12":{"loc":{"start":{"line":30,"column":6},"end":{"line":32,"column":null}},"type":"if","locations":[{"start":{"line":30,"column":6},"end":{"line":32,"column":null}}]}},"s":{"0":0,"1":0,"2":0,"3":0,"4":0,"5":0,"6":0,"7":0,"8":0,"9":0,"10":0,"11":0,"12":0,"13":0,"14":0,"15":0,"16":0,"17":0,"18":0,"19":0,"20":0,"21":0,"22":0},"f":{"0":0,"1":0},"b":{"0":[0,0],"1":[0,0],"2":[0,0],"3":[0],"4":[0],"5":[0,0],"6":[0],"7":[0,0],"8":[0],"9":[0,0],"10":[0],"11":[0,0],"12":[0]}}
,"/Users/zane/playground/cloudsite/src/cli/lib/handle-configuration.mjs": {"path":"/Users/zane/playground/cloudsite/src/cli/lib/handle-configuration.mjs","statementMap":{"0":{"start":{"line":1,"column":0},"end":{"line":1,"column":null}},"1":{"start":{"line":3,"column":0},"end":{"line":3,"column":null}},"2":{"start":{"line":4,"column":0},"end":{"line":4,"column":null}},"3":{"start":{"line":6,"column":28},"end":{"line":21,"column":1}},"4":{"start":{"line":7,"column":31},"end":{"line":7,"column":92}},"5":{"start":{"line":7,"column":67},"end":{"line":7,"column":91}},"6":{"start":{"line":8,"column":35},"end":{"line":8,"column":65}},"7":{"start":{"line":9,"column":31},"end":{"line":9,"column":109}},"8":{"start":{"line":10,"column":22},"end":{"line":10,"column":42}},"9":{"start":{"line":11,"column":2},"end":{"line":11,"column":null}},"10":{"start":{"line":13,"column":2},"end":{"line":20,"column":null}},"11":{"start":{"line":15,"column":6},"end":{"line":15,"column":90}},"12":{"start":{"line":15,"column":90},"end":{"line":15,"column":null}},"13":{"start":{"line":17,"column":6},"end":{"line":17,"column":84}},"14":{"start":{"line":17,"column":84},"end":{"line":17,"column":null}},"15":{"start":{"line":19,"column":6},"end":{"line":19,"column":null}},"16":{"start":{"line":21,"column":1},"end":{"line":21,"column":null}}},"fnMap":{"0":{"name":"(anonymous_0)","decl":{"start":{"line":6,"column":28},"end":{"line":6,"column":35}},"loc":{"start":{"line":6,"column":72},"end":{"line":21,"column":1}}},"1":{"name":"(anonymous_1)","decl":{"start":{"line":7,"column":53},"end":{"line":7,"column":54}},"loc":{"start":{"line":7,"column":67},"end":{"line":7,"column":91}}}},"branchMap":{"0":{"loc":{"start":{"line":11,"column":9},"end":{"line":11,"column":44}},"type":"binary-expr","locations":[{"start":{"line":11,"column":9},"end":{"line":11,"column":38}},{"start":{"line":11,"column":42},"end":{"line":11,"column":44}}]},"1":{"loc":{"start":{"line":13,"column":2},"end":{"line":20,"column":null}},"type":"switch","locations":[{"start":{"line":14,"column":4},"end":{"line":15,"column":null}},{"start":{"line":16,"column":4},"end":{"line":17,"column":null}},{"start":{"line":18,"column":4},"end":{"line":19,"column":null}}]}},"s":{"0":0,"1":0,"2":0,"3":0,"4":0,"5":0,"6":0,"7":0,"8":0,"9":0,"10":0,"11":0,"12":0,"13":0,"14":0,"15":0,"16":0},"f":{"0":0,"1":0},"b":{"0":[0,0],"1":[0,0,0]}}
,"/Users/zane/playground/cloudsite/src/cli/lib/handle-create.mjs": {"path":"/Users/zane/playground/cloudsite/src/cli/lib/handle-create.mjs","statementMap":{"0":{"start":{"line":1,"column":0},"end":{"line":1,"column":null}},"1":{"start":{"line":2,"column":0},"end":{"line":2,"column":null}},"2":{"start":{"line":4,"column":0},"end":{"line":4,"column":null}},"3":{"start":{"line":5,"column":0},"end":{"line":5,"column":null}},"4":{"start":{"line":7,"column":0},"end":{"line":7,"column":null}},"5":{"start":{"line":8,"column":0},"end":{"line":8,"column":49}},"6":{"start":{"line":8,"column":49},"end":{"line":8,"column":null}},"7":{"start":{"line":10,"column":21},"end":{"line":55,"column":1}},"8":{"start":{"line":11,"column":28},"end":{"line":11,"column":92}},"9":{"start":{"line":11,"column":64},"end":{"line":11,"column":81}},"10":{"start":{"line":12,"column":24},"end":{"line":12,"column":68}},"11":{"start":{"line":14,"column":28},"end":{"line":14,"column":65}},"12":{"start":{"line":16,"column":21},"end":{"line":16,"column":49}},"13":{"start":{"line":17,"column":21},"end":{"line":17,"column":49}},"14":{"start":{"line":18,"column":18},"end":{"line":18,"column":43}},"15":{"start":{"line":19,"column":21},"end":{"line":19,"column":49}},"16":{"start":{"line":20,"column":19},"end":{"line":20,"column":47}},"17":{"start":{"line":21,"column":20},"end":{"line":21,"column":47}},"18":{"start":{"line":23,"column":19},"end":{"line":23,"column":94}},"19":{"start":{"line":24,"column":2},"end":{"line":24,"column":null}},"20":{"start":{"line":25,"column":2},"end":{"line":27,"column":null}},"21":{"start":{"line":26,"column":4},"end":{"line":26,"column":null}},"22":{"start":{"line":29,"column":2},"end":{"line":29,"column":null}},"23":{"start":{"line":32,"column":2},"end":{"line":38,"column":null}},"24":{"start":{"line":33,"column":4},"end":{"line":37,"column":null}},"25":{"start":{"line":34,"column":6},"end":{"line":34,"column":null}},"26":{"start":{"line":36,"column":6},"end":{"line":36,"column":22}},"27":{"start":{"line":41,"column":2},"end":{"line":47,"column":null}},"28":{"start":{"line":42,"column":33},"end":{"line":42,"column":89}},"29":{"start":{"line":43,"column":4},"end":{"line":43,"column":null}},"30":{"start":{"line":44,"column":9},"end":{"line":47,"column":null}},"31":{"start":{"line":45,"column":4},"end":{"line":45,"column":null}},"32":{"start":{"line":46,"column":4},"end":{"line":46,"column":20}},"33":{"start":{"line":49,"column":2},"end":{"line":52,"column":null}},"34":{"start":{"line":50,"column":4},"end":{"line":50,"column":null}},"35":{"start":{"line":51,"column":4},"end":{"line":51,"column":20}},"36":{"start":{"line":54,"column":2},"end":{"line":54,"column":null}},"37":{"start":{"line":55,"column":1},"end":{"line":55,"column":null}}},"fnMap":{"0":{"name":"_getRequireWildcardCache","decl":{"start":{"line":8,"column":49},"end":{"line":8,"column":null}},"loc":{"start":{"line":8,"column":49},"end":{"line":8,"column":null}}},"1":{"name":"(anonymous_3)","decl":{"start":{"line":10,"column":21},"end":{"line":10,"column":28}},"loc":{"start":{"line":10,"column":67},"end":{"line":55,"column":1}}},"2":{"name":"(anonymous_4)","decl":{"start":{"line":11,"column":50},"end":{"line":11,"column":51}},"loc":{"start":{"line":11,"column":64},"end":{"line":11,"column":81}}}},"branchMap":{"0":{"loc":{"start":{"line":8,"column":49},"end":{"line":8,"column":null}},"type":"if","locations":[{"start":{"line":8,"column":49},"end":{"line":8,"column":null}}]},"1":{"loc":{"start":{"line":8,"column":49},"end":{"line":8,"column":null}},"type":"cond-expr","locations":[{"start":{"line":8,"column":49},"end":{"line":8,"column":null}},{"start":{"line":8,"column":49},"end":{"line":8,"column":null}}]},"2":{"loc":{"start":{"line":8,"column":49},"end":{"line":8,"column":null}},"type":"binary-expr","locations":[{"start":{"line":8,"column":49},"end":{"line":8,"column":null}},{"start":{"line":8,"column":49},"end":{"line":8,"column":null}},{"start":{"line":8,"column":49},"end":{"line":8,"column":null}}]},"3":{"loc":{"start":{"line":23,"column":19},"end":{"line":23,"column":94}},"type":"binary-expr","locations":[{"start":{"line":23,"column":19},"end":{"line":23,"column":40}},{"start":{"line":23,"column":44},"end":{"line":23,"column":94}}]},"4":{"loc":{"start":{"line":24,"column":20},"end":{"line":24,"column":74}},"type":"binary-expr","locations":[{"start":{"line":24,"column":20},"end":{"line":24,"column":40}},{"start":{"line":24,"column":44},"end":{"line":24,"column":59}},{"start":{"line":24,"column":63},"end":{"line":24,"column":74}}]},"5":{"loc":{"start":{"line":25,"column":2},"end":{"line":27,"column":null}},"type":"if","locations":[{"start":{"line":25,"column":2},"end":{"line":27,"column":null}}]},"6":{"loc":{"start":{"line":33,"column":4},"end":{"line":37,"column":null}},"type":"if","locations":[{"start":{"line":33,"column":4},"end":{"line":37,"column":null}}]},"7":{"loc":{"start":{"line":41,"column":2},"end":{"line":47,"column":null}},"type":"if","locations":[{"start":{"line":41,"column":2},"end":{"line":47,"column":null}},{"start":{"line":44,"column":9},"end":{"line":47,"column":null}}]},"8":{"loc":{"start":{"line":43,"column":17},"end":{"line":43,"column":76}},"type":"cond-expr","locations":[{"start":{"line":43,"column":52},"end":{"line":43,"column":64}},{"start":{"line":43,"column":67},"end":{"line":43,"column":76}}]},"9":{"loc":{"start":{"line":44,"column":9},"end":{"line":47,"column":null}},"type":"if","locations":[{"start":{"line":44,"column":9},"end":{"line":47,"column":null}}]},"10":{"loc":{"start":{"line":49,"column":2},"end":{"line":52,"column":null}},"type":"if","locations":[{"start":{"line":49,"column":2},"end":{"line":52,"column":null}}]},"11":{"loc":{"start":{"line":49,"column":6},"end":{"line":49,"column":71}},"type":"binary-expr","locations":[{"start":{"line":49,"column":6},"end":{"line":49,"column":30}},{"start":{"line":49,"column":34},"end":{"line":49,"column":71}}]}},"s":{"0":0,"1":0,"2":0,"3":0,"4":0,"5":0,"6":0,"7":0,"8":0,"9":0,"10":0,"11":0,"12":0,"13":0,"14":0,"15":0,"16":0,"17":0,"18":0,"19":0,"20":0,"21":0,"22":0,"23":0,"24":0,"25":0,"26":0,"27":0,"28":0,"29":0,"30":0,"31":0,"32":0,"33":0,"34":0,"35":0,"36":0,"37":0},"f":{"0":0,"1":0,"2":0},"b":{"0":[0],"1":[0,0],"2":[0,0,0],"3":[0,0],"4":[0,0,0],"5":[0],"6":[0],"7":[0,0],"8":[0,0],"9":[0],"10":[0],"11":[0,0]}}
,"/Users/zane/playground/cloudsite/src/cli/lib/handle-destroy.mjs": {"path":"/Users/zane/playground/cloudsite/src/cli/lib/handle-destroy.mjs","statementMap":{"0":{"start":{"line":1,"column":0},"end":{"line":1,"column":null}},"1":{"start":{"line":3,"column":0},"end":{"line":3,"column":null}},"2":{"start":{"line":4,"column":0},"end":{"line":4,"column":null}},"3":{"start":{"line":5,"column":0},"end":{"line":5,"column":null}},"4":{"start":{"line":7,"column":22},"end":{"line":21,"column":1}},"5":{"start":{"line":8,"column":29},"end":{"line":8,"column":94}},"6":{"start":{"line":8,"column":65},"end":{"line":8,"column":83}},"7":{"start":{"line":9,"column":25},"end":{"line":9,"column":70}},"8":{"start":{"line":10,"column":21},"end":{"line":10,"column":50}},"9":{"start":{"line":11,"column":24},"end":{"line":11,"column":38}},"10":{"start":{"line":13,"column":19},"end":{"line":13,"column":57}},"11":{"start":{"line":15,"column":2},"end":{"line":18,"column":null}},"12":{"start":{"line":16,"column":4},"end":{"line":16,"column":null}},"13":{"start":{"line":17,"column":4},"end":{"line":17,"column":20}},"14":{"start":{"line":20,"column":2},"end":{"line":20,"column":null}},"15":{"start":{"line":21,"column":1},"end":{"line":21,"column":null}}},"fnMap":{"0":{"name":"(anonymous_0)","decl":{"start":{"line":7,"column":22},"end":{"line":7,"column":29}},"loc":{"start":{"line":7,"column":68},"end":{"line":21,"column":1}}},"1":{"name":"(anonymous_1)","decl":{"start":{"line":8,"column":51},"end":{"line":8,"column":52}},"loc":{"start":{"line":8,"column":65},"end":{"line":8,"column":83}}}},"branchMap":{"0":{"loc":{"start":{"line":15,"column":2},"end":{"line":18,"column":null}},"type":"if","locations":[{"start":{"line":15,"column":2},"end":{"line":18,"column":null}}]}},"s":{"0":0,"1":0,"2":0,"3":0,"4":0,"5":0,"6":0,"7":0,"8":0,"9":0,"10":0,"11":0,"12":0,"13":0,"14":0,"15":0},"f":{"0":0,"1":0},"b":{"0":[0]}}
,"/Users/zane/playground/cloudsite/src/cli/lib/handle-plugin-settings.mjs": {"path":"/Users/zane/playground/cloudsite/src/cli/lib/handle-plugin-settings.mjs","statementMap":{"0":{"start":{"line":1,"column":0},"end":{"line":1,"column":null}},"1":{"start":{"line":3,"column":0},"end":{"line":3,"column":null}},"2":{"start":{"line":4,"column":0},"end":{"line":4,"column":null}},"3":{"start":{"line":5,"column":0},"end":{"line":5,"column":null}},"4":{"start":{"line":6,"column":0},"end":{"line":6,"column":null}},"5":{"start":{"line":7,"column":0},"end":{"line":7,"column":null}},"6":{"start":{"line":8,"column":0},"end":{"line":8,"column":46}},"7":{"start":{"line":8,"column":46},"end":{"line":8,"column":null}},"8":{"start":{"line":10,"column":29},"end":{"line":72,"column":1}},"9":{"start":{"line":11,"column":31},"end":{"line":11,"column":104}},"10":{"start":{"line":11,"column":67},"end":{"line":11,"column":93}},"11":{"start":{"line":12,"column":27},"end":{"line":12,"column":74}},"12":{"start":{"line":13,"column":21},"end":{"line":13,"column":52}},"13":{"start":{"line":14,"column":18},"end":{"line":19,"column":4}},"14":{"start":{"line":15,"column":24},"end":{"line":15,"column":45}},"15":{"start":{"line":16,"column":4},"end":{"line":16,"column":null}},"16":{"start":{"line":18,"column":4},"end":{"line":18,"column":null}},"17":{"start":{"line":20,"column":44},"end":{"line":20,"column":60}},"18":{"start":{"line":23,"column":19},"end":{"line":23,"column":57}},"19":{"start":{"line":25,"column":2},"end":{"line":37,"column":null}},"20":{"start":{"line":26,"column":4},"end":{"line":26,"column":null}},"21":{"start":{"line":27,"column":9},"end":{"line":37,"column":null}},"22":{"start":{"line":28,"column":4},"end":{"line":28,"column":null}},"23":{"start":{"line":29,"column":9},"end":{"line":37,"column":null}},"24":{"start":{"line":30,"column":4},"end":{"line":36,"column":null}},"25":{"start":{"line":31,"column":6},"end":{"line":31,"column":null}},"26":{"start":{"line":32,"column":11},"end":{"line":36,"column":null}},"27":{"start":{"line":33,"column":6},"end":{"line":33,"column":null}},"28":{"start":{"line":34,"column":11},"end":{"line":36,"column":null}},"29":{"start":{"line":35,"column":6},"end":{"line":35,"column":null}},"30":{"start":{"line":39,"column":2},"end":{"line":41,"column":null}},"31":{"start":{"line":40,"column":4},"end":{"line":40,"column":null}},"32":{"start":{"line":44,"column":34},"end":{"line":44,"column":42}},"33":{"start":{"line":46,"column":2},"end":{"line":69,"column":null}},"34":{"start":{"line":47,"column":41},"end":{"line":47,"column":113}},"35":{"start":{"line":48,"column":4},"end":{"line":48,"column":null}},"36":{"start":{"line":50,"column":4},"end":{"line":52,"column":null}},"37":{"start":{"line":51,"column":6},"end":{"line":51,"column":null}},"38":{"start":{"line":54,"column":4},"end":{"line":68,"column":null}},"39":{"start":{"line":55,"column":23},"end":{"line":55,"column":38}},"40":{"start":{"line":57,"column":6},"end":{"line":59,"column":null}},"41":{"start":{"line":58,"column":8},"end":{"line":58,"column":null}},"42":{"start":{"line":61,"column":23},"end":{"line":61,"column":57}},"43":{"start":{"line":63,"column":26},"end":{"line":63,"column":52}},"44":{"start":{"line":64,"column":25},"end":{"line":64,"column":44}},"45":{"start":{"line":66,"column":8},"end":{"line":66,"column":120}},"46":{"start":{"line":67,"column":6},"end":{"line":67,"column":null}},"47":{"start":{"line":71,"column":2},"end":{"line":71,"column":null}},"48":{"start":{"line":72,"column":1},"end":{"line":72,"column":null}}},"fnMap":{"0":{"name":"_getRequireWildcardCache","decl":{"start":{"line":8,"column":46},"end":{"line":8,"column":null}},"loc":{"start":{"line":8,"column":46},"end":{"line":8,"column":null}}},"1":{"name":"(anonymous_3)","decl":{"start":{"line":10,"column":29},"end":{"line":10,"column":36}},"loc":{"start":{"line":10,"column":60},"end":{"line":72,"column":1}}},"2":{"name":"(anonymous_4)","decl":{"start":{"line":11,"column":53},"end":{"line":11,"column":54}},"loc":{"start":{"line":11,"column":67},"end":{"line":11,"column":93}}},"3":{"name":"(anonymous_5)","decl":{"start":{"line":14,"column":55},"end":{"line":14,"column":59}},"loc":{"start":{"line":14,"column":64},"end":{"line":19,"column":3}}}},"branchMap":{"0":{"loc":{"start":{"line":8,"column":46},"end":{"line":8,"column":null}},"type":"if","locations":[{"start":{"line":8,"column":46},"end":{"line":8,"column":null}}]},"1":{"loc":{"start":{"line":8,"column":46},"end":{"line":8,"column":null}},"type":"cond-expr","locations":[{"start":{"line":8,"column":46},"end":{"line":8,"column":null}},{"start":{"line":8,"column":46},"end":{"line":8,"column":null}}]},"2":{"loc":{"start":{"line":8,"column":46},"end":{"line":8,"column":null}},"type":"binary-expr","locations":[{"start":{"line":8,"column":46},"end":{"line":8,"column":null}},{"start":{"line":8,"column":46},"end":{"line":8,"column":null}},{"start":{"line":8,"column":46},"end":{"line":8,"column":null}}]},"3":{"loc":{"start":{"line":14,"column":19},"end":{"line":14,"column":48}},"type":"binary-expr","locations":[{"start":{"line":14,"column":19},"end":{"line":14,"column":42}},{"start":{"line":14,"column":46},"end":{"line":14,"column":48}}]},"4":{"loc":{"start":{"line":16,"column":9},"end":{"line":16,"column":42}},"type":"cond-expr","locations":[{"start":{"line":16,"column":17},"end":{"line":16,"column":19}},{"start":{"line":16,"column":12},"end":{"line":16,"column":42}}]},"5":{"loc":{"start":{"line":16,"column":9},"end":{"line":16,"column":19}},"type":"binary-expr","locations":[{"start":{"line":16,"column":9},"end":{"line":16,"column":19}},{"start":{"line":16,"column":17},"end":{"line":16,"column":19}}]},"6":{"loc":{"start":{"line":25,"column":2},"end":{"line":37,"column":null}},"type":"if","locations":[{"start":{"line":25,"column":2},"end":{"line":37,"column":null}},{"start":{"line":27,"column":9},"end":{"line":37,"column":null}}]},"7":{"loc":{"start":{"line":25,"column":6},"end":{"line":25,"column":70}},"type":"binary-expr","locations":[{"start":{"line":25,"column":6},"end":{"line":25,"column":23}},{"start":{"line":25,"column":28},"end":{"line":25,"column":47}},{"start":{"line":25,"column":51},"end":{"line":25,"column":69}}]},"8":{"loc":{"start":{"line":27,"column":9},"end":{"line":37,"column":null}},"type":"if","locations":[{"start":{"line":27,"column":9},"end":{"line":37,"column":null}},{"start":{"line":29,"column":9},"end":{"line":37,"column":null}}]},"9":{"loc":{"start":{"line":27,"column":13},"end":{"line":27,"column":52}},"type":"binary-expr","locations":[{"start":{"line":27,"column":13},"end":{"line":27,"column":30}},{"start":{"line":27,"column":34},"end":{"line":27,"column":52}}]},"10":{"loc":{"start":{"line":29,"column":9},"end":{"line":37,"column":null}},"type":"if","locations":[{"start":{"line":29,"column":9},"end":{"line":37,"column":null}}]},"11":{"loc":{"start":{"line":30,"column":4},"end":{"line":36,"column":null}},"type":"if","locations":[{"start":{"line":30,"column":4},"end":{"line":36,"column":null}},{"start":{"line":32,"column":11},"end":{"line":36,"column":null}}]},"12":{"loc":{"start":{"line":30,"column":8},"end":{"line":30,"column":49}},"type":"binary-expr","locations":[{"start":{"line":30,"column":8},"end":{"line":30,"column":26}},{"start":{"line":30,"column":30},"end":{"line":30,"column":49}}]},"13":{"loc":{"start":{"line":32,"column":11},"end":{"line":36,"column":null}},"type":"if","locations":[{"start":{"line":32,"column":11},"end":{"line":36,"column":null}},{"start":{"line":34,"column":11},"end":{"line":36,"column":null}}]},"14":{"loc":{"start":{"line":32,"column":15},"end":{"line":32,"column":56}},"type":"binary-expr","locations":[{"start":{"line":32,"column":15},"end":{"line":32,"column":33}},{"start":{"line":32,"column":37},"end":{"line":32,"column":56}}]},"15":{"loc":{"start":{"line":34,"column":11},"end":{"line":36,"column":null}},"type":"if","locations":[{"start":{"line":34,"column":11},"end":{"line":36,"column":null}}]},"16":{"loc":{"start":{"line":34,"column":15},"end":{"line":34,"column":56}},"type":"binary-expr","locations":[{"start":{"line":34,"column":15},"end":{"line":34,"column":33}},{"start":{"line":34,"column":37},"end":{"line":34,"column":56}}]},"17":{"loc":{"start":{"line":39,"column":2},"end":{"line":41,"column":null}},"type":"if","locations":[{"start":{"line":39,"column":2},"end":{"line":41,"column":null}}]},"18":{"loc":{"start":{"line":39,"column":6},"end":{"line":39,"column":47}},"type":"binary-expr","locations":[{"start":{"line":39,"column":6},"end":{"line":39,"column":23}},{"start":{"line":39,"column":27},"end":{"line":39,"column":47}}]},"19":{"loc":{"start":{"line":44,"column":10},"end":{"line":44,"column":30}},"type":"default-arg","locations":[{"start":{"line":44,"column":27},"end":{"line":44,"column":30}}]},"20":{"loc":{"start":{"line":46,"column":2},"end":{"line":69,"column":null}},"type":"if","locations":[{"start":{"line":46,"column":2},"end":{"line":69,"column":null}},{"start":{"line":53,"column":9},"end":{"line":69,"column":null}}]},"21":{"loc":{"start":{"line":50,"column":4},"end":{"line":52,"column":null}},"type":"if","locations":[{"start":{"line":50,"column":4},"end":{"line":52,"column":null}}]},"22":{"loc":{"start":{"line":57,"column":6},"end":{"line":59,"column":null}},"type":"if","locations":[{"start":{"line":57,"column":6},"end":{"line":59,"column":null}}]},"23":{"loc":{"start":{"line":61,"column":23},"end":{"line":61,"column":57}},"type":"cond-expr","locations":[{"start":{"line":61,"column":48},"end":{"line":61,"column":50}},{"start":{"line":61,"column":26},"end":{"line":61,"column":57}}]},"24":{"loc":{"start":{"line":61,"column":23},"end":{"line":61,"column":50}},"type":"binary-expr","locations":[{"start":{"line":61,"column":23},"end":{"line":61,"column":50}},{"start":{"line":61,"column":48},"end":{"line":61,"column":50}}]}},"s":{"0":0,"1":0,"2":0,"3":0,"4":0,"5":0,"6":0,"7":0,"8":0,"9":0,"10":0,"11":0,"12":0,"13":0,"14":0,"15":0,"16":0,"17":0,"18":0,"19":0,"20":0,"21":0,"22":0,"23":0,"24":0,"25":0,"26":0,"27":0,"28":0,"29":0,"30":0,"31":0,"32":0,"33":0,"34":0,"35":0,"36":0,"37":0,"38":0,"39":0,"40":0,"41":0,"42":0,"43":0,"44":0,"45":0,"46":0,"47":0,"48":0},"f":{"0":0,"1":0,"2":0,"3":0},"b":{"0":[0],"1":[0,0],"2":[0,0,0],"3":[0,0],"4":[0,0],"5":[0,0],"6":[0,0],"7":[0,0,0],"8":[0,0],"9":[0,0],"10":[0],"11":[0,0],"12":[0,0],"13":[0,0],"14":[0,0],"15":[0],"16":[0,0],"17":[0],"18":[0,0],"19":[0],"20":[0,0],"21":[0],"22":[0],"23":[0,0],"24":[0,0]}}
,"/Users/zane/playground/cloudsite/src/cli/lib/handle-update.mjs": {"path":"/Users/zane/playground/cloudsite/src/cli/lib/handle-update.mjs","statementMap":{"0":{"start":{"line":1,"column":0},"end":{"line":1,"column":null}},"1":{"start":{"line":3,"column":0},"end":{"line":3,"column":null}},"2":{"start":{"line":4,"column":0},"end":{"line":4,"column":null}},"3":{"start":{"line":5,"column":0},"end":{"line":5,"column":null}},"4":{"start":{"line":7,"column":21},"end":{"line":19,"column":1}},"5":{"start":{"line":8,"column":28},"end":{"line":8,"column":92}},"6":{"start":{"line":8,"column":64},"end":{"line":8,"column":81}},"7":{"start":{"line":9,"column":24},"end":{"line":9,"column":68}},"8":{"start":{"line":10,"column":21},"end":{"line":10,"column":49}},"9":{"start":{"line":11,"column":20},"end":{"line":11,"column":47}},"10":{"start":{"line":12,"column":16},"end":{"line":12,"column":39}},"11":{"start":{"line":13,"column":18},"end":{"line":13,"column":43}},"12":{"start":{"line":14,"column":30},"end":{"line":14,"column":68}},"13":{"start":{"line":16,"column":19},"end":{"line":16,"column":57}},"14":{"start":{"line":18,"column":2},"end":{"line":18,"column":null}},"15":{"start":{"line":19,"column":1},"end":{"line":19,"column":null}}},"fnMap":{"0":{"name":"(anonymous_0)","decl":{"start":{"line":7,"column":21},"end":{"line":7,"column":28}},"loc":{"start":{"line":7,"column":67},"end":{"line":19,"column":1}}},"1":{"name":"(anonymous_1)","decl":{"start":{"line":8,"column":50},"end":{"line":8,"column":51}},"loc":{"start":{"line":8,"column":64},"end":{"line":8,"column":81}}}},"branchMap":{},"s":{"0":0,"1":0,"2":0,"3":0,"4":0,"5":0,"6":0,"7":0,"8":0,"9":0,"10":0,"11":0,"12":0,"13":0,"14":0,"15":0},"f":{"0":0,"1":0},"b":{}}
,"/Users/zane/playground/cloudsite/src/cli/lib/smart-convert.mjs": {"path":"/Users/zane/playground/cloudsite/src/cli/lib/smart-convert.mjs","statementMap":{"0":{"start":{"line":1,"column":22},"end":{"line":20,"column":1}},"1":{"start":{"line":2,"column":2},"end":{"line":19,"column":null}},"2":{"start":{"line":3,"column":4},"end":{"line":3,"column":null}},"3":{"start":{"line":4,"column":9},"end":{"line":19,"column":null}},"4":{"start":{"line":5,"column":4},"end":{"line":5,"column":null}},"5":{"start":{"line":6,"column":9},"end":{"line":19,"column":null}},"6":{"start":{"line":7,"column":4},"end":{"line":7,"column":null}},"7":{"start":{"line":8,"column":9},"end":{"line":19,"column":null}},"8":{"start":{"line":9,"column":4},"end":{"line":9,"column":null}},"9":{"start":{"line":10,"column":9},"end":{"line":19,"column":null}},"10":{"start":{"line":11,"column":4},"end":{"line":11,"column":null}},"11":{"start":{"line":13,"column":4},"end":{"line":13,"column":null}},"12":{"start":{"line":14,"column":4},"end":{"line":18,"column":null}},"13":{"start":{"line":15,"column":6},"end":{"line":15,"column":null}},"14":{"start":{"line":17,"column":6},"end":{"line":17,"column":null}},"15":{"start":{"line":20,"column":1},"end":{"line":20,"column":null}}},"fnMap":{"0":{"name":"(anonymous_0)","decl":{"start":{"line":1,"column":22},"end":{"line":1,"column":27}},"loc":{"start":{"line":1,"column":32},"end":{"line":20,"column":1}}}},"branchMap":{"0":{"loc":{"start":{"line":2,"column":2},"end":{"line":19,"column":null}},"type":"if","locations":[{"start":{"line":2,"column":2},"end":{"line":19,"column":null}},{"start":{"line":4,"column":9},"end":{"line":19,"column":null}}]},"1":{"loc":{"start":{"line":4,"column":9},"end":{"line":19,"column":null}},"type":"if","locations":[{"start":{"line":4,"column":9},"end":{"line":19,"column":null}},{"start":{"line":6,"column":9},"end":{"line":19,"column":null}}]},"2":{"loc":{"start":{"line":4,"column":13},"end":{"line":4,"column":49}},"type":"binary-expr","locations":[{"start":{"line":4,"column":13},"end":{"line":4,"column":29}},{"start":{"line":4,"column":33},"end":{"line":4,"column":49}}]},"3":{"loc":{"start":{"line":6,"column":9},"end":{"line":19,"column":null}},"type":"if","locations":[{"start":{"line":6,"column":9},"end":{"line":19,"column":null}},{"start":{"line":8,"column":9},"end":{"line":19,"column":null}}]},"4":{"loc":{"start":{"line":6,"column":13},"end":{"line":6,"column":51}},"type":"binary-expr","locations":[{"start":{"line":6,"column":13},"end":{"line":6,"column":30}},{"start":{"line":6,"column":34},"end":{"line":6,"column":51}}]},"5":{"loc":{"start":{"line":8,"column":9},"end":{"line":19,"column":null}},"type":"if","locations":[{"start":{"line":8,"column":9},"end":{"line":19,"column":null}},{"start":{"line":10,"column":9},"end":{"line":19,"column":null}}]},"6":{"loc":{"start":{"line":10,"column":9},"end":{"line":19,"column":null}},"type":"if","locations":[{"start":{"line":10,"column":9},"end":{"line":19,"column":null}},{"start":{"line":12,"column":9},"end":{"line":19,"column":null}}]},"7":{"loc":{"start":{"line":14,"column":4},"end":{"line":18,"column":null}},"type":"if","locations":[{"start":{"line":14,"column":4},"end":{"line":18,"column":null}},{"start":{"line":16,"column":11},"end":{"line":18,"column":null}}]}},"s":{"0":0,"1":0,"2":0,"3":0,"4":0,"5":0,"6":0,"7":0,"8":0,"9":0,"10":0,"11":0,"12":0,"13":0,"14":0,"15":0},"f":{"0":0},"b":{"0":[0,0],"1":[0,0],"2":[0,0],"3":[0,0],"4":[0,0],"5":[0,0],"6":[0,0],"7":[0,0]}}
,"/Users/zane/playground/cloudsite/src/cli/lib/configuration/handle-configuration-initialize.mjs": {"path":"/Users/zane/playground/cloudsite/src/cli/lib/configuration/handle-configuration-initialize.mjs","statementMap":{"0":{"start":{"line":1,"column":0},"end":{"line":1,"column":null}},"1":{"start":{"line":2,"column":0},"end":{"line":2,"column":null}},"2":{"start":{"line":4,"column":0},"end":{"line":4,"column":null}},"3":{"start":{"line":6,"column":0},"end":{"line":6,"column":53}},"4":{"start":{"line":6,"column":53},"end":{"line":6,"column":null}},"5":{"start":{"line":8,"column":38},"end":{"line":30,"column":1}},"6":{"start":{"line":9,"column":30},"end":{"line":17,"column":3}},"7":{"start":{"line":19,"column":21},"end":{"line":19,"column":60}},"8":{"start":{"line":20,"column":2},"end":{"line":20,"column":null}},"9":{"start":{"line":22,"column":18},"end":{"line":23,"column":86}},"10":{"start":{"line":23,"column":45},"end":{"line":23,"column":69}},"11":{"start":{"line":23,"column":69},"end":{"line":23,"column":80}},"12":{"start":{"line":25,"column":28},"end":{"line":25,"column":47}},"13":{"start":{"line":26,"column":32},"end":{"line":26,"column":67}},"14":{"start":{"line":28,"column":2},"end":{"line":28,"column":null}},"15":{"start":{"line":29,"column":2},"end":{"line":29,"column":null}},"16":{"start":{"line":30,"column":1},"end":{"line":30,"column":null}}},"fnMap":{"0":{"name":"_getRequireWildcardCache","decl":{"start":{"line":6,"column":53},"end":{"line":6,"column":null}},"loc":{"start":{"line":6,"column":53},"end":{"line":6,"column":null}}},"1":{"name":"(anonymous_3)","decl":{"start":{"line":8,"column":38},"end":{"line":8,"column":50}},"loc":{"start":{"line":8,"column":50},"end":{"line":30,"column":1}}},"2":{"name":"(anonymous_4)","decl":{"start":{"line":23,"column":12},"end":{"line":23,"column":13}},"loc":{"start":{"line":23,"column":43},"end":{"line":23,"column":81}}}},"branchMap":{"0":{"loc":{"start":{"line":6,"column":53},"end":{"line":6,"column":null}},"type":"if","locations":[{"start":{"line":6,"column":53},"end":{"line":6,"column":null}}]},"1":{"loc":{"start":{"line":6,"column":53},"end":{"line":6,"column":null}},"type":"cond-expr","locations":[{"start":{"line":6,"column":53},"end":{"line":6,"column":null}},{"start":{"line":6,"column":53},"end":{"line":6,"column":null}}]},"2":{"loc":{"start":{"line":6,"column":53},"end":{"line":6,"column":null}},"type":"binary-expr","locations":[{"start":{"line":6,"column":53},"end":{"line":6,"column":null}},{"start":{"line":6,"column":53},"end":{"line":6,"column":null}},{"start":{"line":6,"column":53},"end":{"line":6,"column":null}}]}},"s":{"0":0,"1":0,"2":0,"3":0,"4":0,"5":0,"6":0,"7":0,"8":0,"9":0,"10":0,"11":0,"12":0,"13":0,"14":0,"15":0,"16":0},"f":{"0":0,"1":0,"2":0},"b":{"0":[0],"1":[0,0],"2":[0,0,0]}}
,"/Users/zane/playground/cloudsite/src/cli/lib/configuration/handle-configuration-show.mjs": {"path":"/Users/zane/playground/cloudsite/src/cli/lib/configuration/handle-configuration-show.mjs","statementMap":{"0":{"start":{"line":1,"column":0},"end":{"line":1,"column":null}},"1":{"start":{"line":3,"column":0},"end":{"line":3,"column":53}},"2":{"start":{"line":3,"column":53},"end":{"line":3,"column":null}},"3":{"start":{"line":5,"column":32},"end":{"line":9,"column":1}},"4":{"start":{"line":6,"column":28},"end":{"line":6,"column":47}},"5":{"start":{"line":7,"column":32},"end":{"line":7,"column":91}},"6":{"start":{"line":8,"column":2},"end":{"line":8,"column":null}},"7":{"start":{"line":9,"column":1},"end":{"line":9,"column":null}}},"fnMap":{"0":{"name":"_getRequireWildcardCache","decl":{"start":{"line":3,"column":53},"end":{"line":3,"column":null}},"loc":{"start":{"line":3,"column":53},"end":{"line":3,"column":null}}},"1":{"name":"(anonymous_3)","decl":{"start":{"line":5,"column":32},"end":{"line":5,"column":44}},"loc":{"start":{"line":5,"column":44},"end":{"line":9,"column":1}}}},"branchMap":{"0":{"loc":{"start":{"line":3,"column":53},"end":{"line":3,"column":null}},"type":"if","locations":[{"start":{"line":3,"column":53},"end":{"line":3,"column":null}}]},"1":{"loc":{"start":{"line":3,"column":53},"end":{"line":3,"column":null}},"type":"cond-expr","locations":[{"start":{"line":3,"column":53},"end":{"line":3,"column":null}},{"start":{"line":3,"column":53},"end":{"line":3,"column":null}}]},"2":{"loc":{"start":{"line":3,"column":53},"end":{"line":3,"column":null}},"type":"binary-expr","locations":[{"start":{"line":3,"column":53},"end":{"line":3,"column":null}},{"start":{"line":3,"column":53},"end":{"line":3,"column":null}},{"start":{"line":3,"column":53},"end":{"line":3,"column":null}}]}},"s":{"0":1,"1":1,"2":16,"3":1,"4":1,"5":1,"6":1,"7":1},"f":{"0":3,"1":1},"b":{"0":[1],"1":[5,6],"2":[3,3,2]}}
,"/Users/zane/playground/cloudsite/src/lib/actions/create.mjs": {"path":"/Users/zane/playground/cloudsite/src/lib/actions/create.mjs","statementMap":{"0":{"start":{"line":1,"column":0},"end":{"line":1,"column":null}},"1":{"start":{"line":2,"column":0},"end":{"line":2,"column":null}},"2":{"start":{"line":9,"column":0},"end":{"line":9,"column":null}},"3":{"start":{"line":10,"column":0},"end":{"line":10,"column":null}},"4":{"start":{"line":11,"column":0},"end":{"line":11,"column":null}},"5":{"start":{"line":12,"column":0},"end":{"line":12,"column":null}},"6":{"start":{"line":13,"column":0},"end":{"line":13,"column":null}},"7":{"start":{"line":14,"column":0},"end":{"line":14,"column":null}},"8":{"start":{"line":15,"column":0},"end":{"line":15,"column":null}},"9":{"start":{"line":16,"column":0},"end":{"line":16,"column":57}},"10":{"start":{"line":16,"column":57},"end":{"line":16,"column":null}},"11":{"start":{"line":18,"column":26},"end":{"line":18,"column":30}},"12":{"start":{"line":19,"column":29},"end":{"line":19,"column":31}},"13":{"start":{"line":21,"column":15},"end":{"line":74,"column":1}},"14":{"start":{"line":27,"column":25},"end":{"line":27,"column":33}},"15":{"start":{"line":28,"column":23},"end":{"line":28,"column":31}},"16":{"start":{"line":30,"column":22},"end":{"line":30,"column":55}},"17":{"start":{"line":32,"column":20},"end":{"line":35,"column":4}},"18":{"start":{"line":37,"column":35},"end":{"line":37,"column":83}},"19":{"start":{"line":38,"column":2},"end":{"line":42,"column":null}},"20":{"start":{"line":39,"column":4},"end":{"line":39,"column":null}},"21":{"start":{"line":40,"column":4},"end":{"line":40,"column":null}},"22":{"start":{"line":41,"column":4},"end":{"line":41,"column":null}},"23":{"start":{"line":43,"column":2},"end":{"line":43,"column":null}},"24":{"start":{"line":45,"column":2},"end":{"line":50,"column":null}},"25":{"start":{"line":46,"column":31},"end":{"line":46,"column":74}},"26":{"start":{"line":48,"column":7},"end":{"line":48,"column":110}},"27":{"start":{"line":49,"column":4},"end":{"line":49,"column":null}},"28":{"start":{"line":52,"column":2},"end":{"line":52,"column":null}},"29":{"start":{"line":53,"column":2},"end":{"line":53,"column":null}},"30":{"start":{"line":54,"column":23},"end":{"line":54,"column":90}},"31":{"start":{"line":56,"column":2},"end":{"line":73,"column":null}},"32":{"start":{"line":57,"column":31},"end":{"line":60,"column":73}},"33":{"start":{"line":58,"column":6},"end":{"line":58,"column":null}},"34":{"start":{"line":60,"column":41},"end":{"line":60,"column":72}},"35":{"start":{"line":62,"column":4},"end":{"line":62,"column":52}},"36":{"start":{"line":63,"column":4},"end":{"line":68,"column":null}},"37":{"start":{"line":67,"column":8},"end":{"line":67,"column":76}},"38":{"start":{"line":70,"column":4},"end":{"line":70,"column":null}},"39":{"start":{"line":72,"column":4},"end":{"line":72,"column":null}},"40":{"start":{"line":74,"column":1},"end":{"line":74,"column":null}},"41":{"start":{"line":76,"column":24},"end":{"line":94,"column":1}},"42":{"start":{"line":77,"column":2},"end":{"line":77,"column":null}},"43":{"start":{"line":78,"column":31},"end":{"line":78,"column":89}},"44":{"start":{"line":79,"column":34},"end":{"line":79,"column":83}},"45":{"start":{"line":80,"column":23},"end":{"line":80,"column":68}},"46":{"start":{"line":82,"column":17},"end":{"line":82,"column":34}},"47":{"start":{"line":83,"column":2},"end":{"line":87,"column":null}},"48":{"start":{"line":84,"column":4},"end":{"line":86,"column":null}},"49":{"start":{"line":85,"column":6},"end":{"line":85,"column":null}},"50":{"start":{"line":88,"column":2},"end":{"line":88,"column":null}},"51":{"start":{"line":89,"column":2},"end":{"line":91,"column":null}},"52":{"start":{"line":90,"column":4},"end":{"line":90,"column":null}},"53":{"start":{"line":93,"column":2},"end":{"line":93,"column":null}},"54":{"start":{"line":96,"column":26},"end":{"line":130,"column":1}},"55":{"start":{"line":97,"column":2},"end":{"line":97,"column":null}},"56":{"start":{"line":98,"column":16},"end":{"line":122,"column":3}},"57":{"start":{"line":124,"column":18},"end":{"line":124,"column":54}},"58":{"start":{"line":125,"column":19},"end":{"line":125,"column":48}},"59":{"start":{"line":127,"column":29},"end":{"line":127,"column":37}},"60":{"start":{"line":129,"column":2},"end":{"line":129,"column":null}},"61":{"start":{"line":132,"column":24},"end":{"line":159,"column":1}},"62":{"start":{"line":133,"column":33},"end":{"line":133,"column":41}},"63":{"start":{"line":135,"column":23},"end":{"line":135,"column":66}},"64":{"start":{"line":136,"column":2},"end":{"line":136,"column":null}},"65":{"start":{"line":138,"column":33},"end":{"line":138,"column":54}},"66":{"start":{"line":140,"column":31},"end":{"line":140,"column":80}},"67":{"start":{"line":141,"column":20},"end":{"line":141,"column":90}},"68":{"start":{"line":142,"column":22},"end":{"line":148,"column":3}},"69":{"start":{"line":149,"column":24},"end":{"line":149,"column":59}},"70":{"start":{"line":150,"column":25},"end":{"line":150,"column":71}},"71":{"start":{"line":152,"column":22},"end":{"line":152,"column":36}},"72":{"start":{"line":154,"column":2},"end":{"line":154,"column":null}},"73":{"start":{"line":155,"column":2},"end":{"line":155,"column":null}},"74":{"start":{"line":157,"column":23},"end":{"line":157,"column":109}},"75":{"start":{"line":158,"column":2},"end":{"line":158,"column":null}},"76":{"start":{"line":161,"column":33},"end":{"line":194,"column":1}},"77":{"start":{"line":163,"column":2},"end":{"line":180,"column":null}},"78":{"start":{"line":164,"column":26},"end":{"line":164,"column":51}},"79":{"start":{"line":165,"column":28},"end":{"line":165,"column":68}},"80":{"start":{"line":166,"column":29},"end":{"line":166,"column":77}},"81":{"start":{"line":168,"column":4},"end":{"line":168,"column":null}},"82":{"start":{"line":170,"column":4},"end":{"line":176,"column":null}},"83":{"start":{"line":171,"column":6},"end":{"line":171,"column":null}},"84":{"start":{"line":172,"column":11},"end":{"line":176,"column":null}},"85":{"start":{"line":173,"column":6},"end":{"line":173,"column":null}},"86":{"start":{"line":175,"column":6},"end":{"line":175,"column":null}},"87":{"start":{"line":178,"column":4},"end":{"line":178,"column":null}},"88":{"start":{"line":179,"column":4},"end":{"line":179,"column":null}},"89":{"start":{"line":179,"column":33},"end":{"line":179,"column":71}},"90":{"start":{"line":182,"column":2},"end":{"line":191,"column":null}},"91":{"start":{"line":183,"column":4},"end":{"line":183,"column":null}},"92":{"start":{"line":184,"column":24},"end":{"line":184,"column":49}},"93":{"start":{"line":185,"column":26},"end":{"line":185,"column":61}},"94":{"start":{"line":186,"column":4},"end":{"line":186,"column":null}},"95":{"start":{"line":188,"column":4},"end":{"line":188,"column":null}},"96":{"start":{"line":190,"column":4},"end":{"line":190,"column":null}},"97":{"start":{"line":193,"column":2},"end":{"line":193,"column":null}},"98":{"start":{"line":196,"column":23},"end":{"line":206,"column":1}},"99":{"start":{"line":197,"column":32},"end":{"line":197,"column":40}},"100":{"start":{"line":198,"column":2},"end":{"line":198,"column":null}},"101":{"start":{"line":199,"column":31},"end":{"line":199,"column":80}},"102":{"start":{"line":200,"column":26},"end":{"line":200,"column":78}},"103":{"start":{"line":201,"column":27},"end":{"line":201,"column":75}},"104":{"start":{"line":202,"column":35},"end":{"line":203,"column":102}},"105":{"start":{"line":203,"column":47},"end":{"line":203,"column":89}},"106":{"start":{"line":205,"column":2},"end":{"line":205,"column":null}}},"fnMap":{"0":{"name":"_getRequireWildcardCache","decl":{"start":{"line":16,"column":57},"end":{"line":16,"column":null}},"loc":{"start":{"line":16,"column":57},"end":{"line":16,"column":null}}},"1":{"name":"(anonymous_3)","decl":{"start":{"line":21,"column":15},"end":{"line":21,"column":22}},"loc":{"start":{"line":26,"column":6},"end":{"line":74,"column":1}}},"2":{"name":"(anonymous_4)","decl":{"start":{"line":57,"column":79},"end":{"line":57,"column":88}},"loc":{"start":{"line":58,"column":6},"end":{"line":58,"column":null}}},"3":{"name":"(anonymous_5)","decl":{"start":{"line":60,"column":14},"end":{"line":60,"column":15}},"loc":{"start":{"line":60,"column":41},"end":{"line":60,"column":72}}},"4":{"name":"(anonymous_6)","decl":{"start":{"line":66,"column":33},"end":{"line":66,"column":34}},"loc":{"start":{"line":67,"column":8},"end":{"line":67,"column":76}}},"5":{"name":"(anonymous_7)","decl":{"start":{"line":76,"column":24},"end":{"line":76,"column":31}},"loc":{"start":{"line":76,"column":72},"end":{"line":94,"column":1}}},"6":{"name":"(anonymous_8)","decl":{"start":{"line":96,"column":26},"end":{"line":96,"column":33}},"loc":{"start":{"line":96,"column":63},"end":{"line":130,"column":1}}},"7":{"name":"(anonymous_9)","decl":{"start":{"line":132,"column":24},"end":{"line":132,"column":31}},"loc":{"start":{"line":132,"column":80},"end":{"line":159,"column":1}}},"8":{"name":"(anonymous_10)","decl":{"start":{"line":161,"column":33},"end":{"line":161,"column":40}},"loc":{"start":{"line":161,"column":99},"end":{"line":194,"column":1}}},"9":{"name":"(anonymous_11)","decl":{"start":{"line":179,"column":22},"end":{"line":179,"column":29}},"loc":{"start":{"line":179,"column":33},"end":{"line":179,"column":71}}},"10":{"name":"(anonymous_12)","decl":{"start":{"line":196,"column":23},"end":{"line":196,"column":30}},"loc":{"start":{"line":196,"column":60},"end":{"line":206,"column":1}}},"11":{"name":"(anonymous_13)","decl":{"start":{"line":203,"column":28},"end":{"line":203,"column":29}},"loc":{"start":{"line":203,"column":47},"end":{"line":203,"column":89}}}},"branchMap":{"0":{"loc":{"start":{"line":16,"column":57},"end":{"line":16,"column":null}},"type":"if","locations":[{"start":{"line":16,"column":57},"end":{"line":16,"column":null}}]},"1":{"loc":{"start":{"line":16,"column":57},"end":{"line":16,"column":null}},"type":"cond-expr","locations":[{"start":{"line":16,"column":57},"end":{"line":16,"column":null}},{"start":{"line":16,"column":57},"end":{"line":16,"column":null}}]},"2":{"loc":{"start":{"line":16,"column":57},"end":{"line":16,"column":null}},"type":"binary-expr","locations":[{"start":{"line":16,"column":57},"end":{"line":16,"column":null}},{"start":{"line":16,"column":57},"end":{"line":16,"column":null}},{"start":{"line":16,"column":57},"end":{"line":16,"column":null}}]},"3":{"loc":{"start":{"line":38,"column":2},"end":{"line":42,"column":null}},"type":"if","locations":[{"start":{"line":38,"column":2},"end":{"line":42,"column":null}}]},"4":{"loc":{"start":{"line":45,"column":2},"end":{"line":50,"column":null}},"type":"if","locations":[{"start":{"line":45,"column":2},"end":{"line":50,"column":null}}]},"5":{"loc":{"start":{"line":56,"column":2},"end":{"line":73,"column":null}},"type":"if","locations":[{"start":{"line":56,"column":2},"end":{"line":73,"column":null}},{"start":{"line":71,"column":9},"end":{"line":73,"column":null}}]},"6":{"loc":{"start":{"line":57,"column":43},"end":{"line":57,"column":72}},"type":"binary-expr","locations":[{"start":{"line":57,"column":43},"end":{"line":57,"column":66}},{"start":{"line":57,"column":70},"end":{"line":57,"column":72}}]},"7":{"loc":{"start":{"line":84,"column":4},"end":{"line":86,"column":null}},"type":"if","locations":[{"start":{"line":84,"column":4},"end":{"line":86,"column":null}}]},"8":{"loc":{"start":{"line":89,"column":2},"end":{"line":91,"column":null}},"type":"if","locations":[{"start":{"line":89,"column":2},"end":{"line":91,"column":null}}]},"9":{"loc":{"start":{"line":141,"column":20},"end":{"line":141,"column":90}},"type":"binary-expr","locations":[{"start":{"line":141,"column":20},"end":{"line":141,"column":38}},{"start":{"line":141,"column":42},"end":{"line":141,"column":90}}]},"10":{"loc":{"start":{"line":170,"column":4},"end":{"line":176,"column":null}},"type":"if","locations":[{"start":{"line":170,"column":4},"end":{"line":176,"column":null}},{"start":{"line":172,"column":11},"end":{"line":176,"column":null}}]},"11":{"loc":{"start":{"line":170,"column":8},"end":{"line":170,"column":76}},"type":"binary-expr","locations":[{"start":{"line":170,"column":8},"end":{"line":170,"column":44}},{"start":{"line":170,"column":48},"end":{"line":170,"column":76}}]},"12":{"loc":{"start":{"line":172,"column":11},"end":{"line":176,"column":null}},"type":"if","locations":[{"start":{"line":172,"column":11},"end":{"line":176,"column":null}},{"start":{"line":174,"column":11},"end":{"line":176,"column":null}}]},"13":{"loc":{"start":{"line":172,"column":15},"end":{"line":172,"column":98}},"type":"binary-expr","locations":[{"start":{"line":172,"column":15},"end":{"line":172,"column":53}},{"start":{"line":172,"column":57},"end":{"line":172,"column":98}}]},"14":{"loc":{"start":{"line":182,"column":2},"end":{"line":191,"column":null}},"type":"if","locations":[{"start":{"line":182,"column":2},"end":{"line":191,"column":null}},{"start":{"line":189,"column":9},"end":{"line":191,"column":null}}]},"15":{"loc":{"start":{"line":182,"column":6},"end":{"line":182,"column":71}},"type":"binary-expr","locations":[{"start":{"line":182,"column":6},"end":{"line":182,"column":41}},{"start":{"line":182,"column":45},"end":{"line":182,"column":71}}]}},"s":{"0":0,"1":0,"2":0,"3":0,"4":0,"5":0,"6":0,"7":0,"8":0,"9":0,"10":0,"11":0,"12":0,"13":0,"14":0,"15":0,"16":0,"17":0,"18":0,"19":0,"20":0,"21":0,"22":0,"23":0,"24":0,"25":0,"26":0,"27":0,"28":0,"29":0,"30":0,"31":0,"32":0,"33":0,"34":0,"35":0,"36":0,"37":0,"38":0,"39":0,"40":0,"41":0,"42":0,"43":0,"44":0,"45":0,"46":0,"47":0,"48":0,"49":0,"50":0,"51":0,"52":0,"53":0,"54":0,"55":0,"56":0,"57":0,"58":0,"59":0,"60":0,"61":0,"62":0,"63":0,"64":0,"65":0,"66":0,"67":0,"68":0,"69":0,"70":0,"71":0,"72":0,"73":0,"74":0,"75":0,"76":0,"77":0,"78":0,"79":0,"80":0,"81":0,"82":0,"83":0,"84":0,"85":0,"86":0,"87":0,"88":0,"89":0,"90":0,"91":0,"92":0,"93":0,"94":0,"95":0,"96":0,"97":0,"98":0,"99":0,"100":0,"101":0,"102":0,"103":0,"104":0,"105":0,"106":0},"f":{"0":0,"1":0,"2":0,"3":0,"4":0,"5":0,"6":0,"7":0,"8":0,"9":0,"10":0,"11":0},"b":{"0":[0],"1":[0,0],"2":[0,0,0],"3":[0],"4":[0],"5":[0,0],"6":[0,0],"7":[0],"8":[0],"9":[0,0],"10":[0,0],"11":[0,0],"12":[0,0],"13":[0,0],"14":[0,0],"15":[0,0]}}
,"/Users/zane/playground/cloudsite/src/lib/actions/destroy.mjs": {"path":"/Users/zane/playground/cloudsite/src/lib/actions/destroy.mjs","statementMap":{"0":{"start":{"line":1,"column":0},"end":{"line":1,"column":null}},"1":{"start":{"line":2,"column":0},"end":{"line":2,"column":null}},"2":{"start":{"line":4,"column":0},"end":{"line":4,"column":null}},"3":{"start":{"line":6,"column":0},"end":{"line":6,"column":null}},"4":{"start":{"line":8,"column":16},"end":{"line":22,"column":1}},"5":{"start":{"line":9,"column":36},"end":{"line":9,"column":44}},"6":{"start":{"line":11,"column":22},"end":{"line":11,"column":55}},"7":{"start":{"line":12,"column":19},"end":{"line":12,"column":48}},"8":{"start":{"line":15,"column":2},"end":{"line":15,"column":null}},"9":{"start":{"line":17,"column":2},"end":{"line":17,"column":null}},"10":{"start":{"line":18,"column":31},"end":{"line":18,"column":72}},"11":{"start":{"line":19,"column":29},"end":{"line":19,"column":78}},"12":{"start":{"line":20,"column":2},"end":{"line":20,"column":null}},"13":{"start":{"line":21,"column":2},"end":{"line":21,"column":null}},"14":{"start":{"line":22,"column":1},"end":{"line":22,"column":null}}},"fnMap":{"0":{"name":"(anonymous_0)","decl":{"start":{"line":8,"column":16},"end":{"line":8,"column":23}},"loc":{"start":{"line":8,"column":62},"end":{"line":22,"column":1}}}},"branchMap":{},"s":{"0":0,"1":0,"2":0,"3":0,"4":0,"5":0,"6":0,"7":0,"8":0,"9":0,"10":0,"11":0,"12":0,"13":0,"14":0},"f":{"0":0},"b":{}}
,"/Users/zane/playground/cloudsite/src/lib/actions/update.mjs": {"path":"/Users/zane/playground/cloudsite/src/lib/actions/update.mjs","statementMap":{"0":{"start":{"line":1,"column":0},"end":{"line":1,"column":null}},"1":{"start":{"line":3,"column":0},"end":{"line":3,"column":null}},"2":{"start":{"line":4,"column":0},"end":{"line":4,"column":null}},"3":{"start":{"line":5,"column":0},"end":{"line":5,"column":null}},"4":{"start":{"line":7,"column":15},"end":{"line":24,"column":1}},"5":{"start":{"line":8,"column":16},"end":{"line":8,"column":36}},"6":{"start":{"line":10,"column":22},"end":{"line":10,"column":55}},"7":{"start":{"line":12,"column":2},"end":{"line":15,"column":null}},"8":{"start":{"line":14,"column":4},"end":{"line":14,"column":null}},"9":{"start":{"line":17,"column":2},"end":{"line":19,"column":null}},"10":{"start":{"line":18,"column":4},"end":{"line":18,"column":null}},"11":{"start":{"line":21,"column":2},"end":{"line":23,"column":null}},"12":{"start":{"line":22,"column":4},"end":{"line":22,"column":null}},"13":{"start":{"line":24,"column":1},"end":{"line":24,"column":null}},"14":{"start":{"line":26,"column":24},"end":{"line":43,"column":1}},"15":{"start":{"line":27,"column":2},"end":{"line":27,"column":null}},"16":{"start":{"line":29,"column":39},"end":{"line":29,"column":47}},"17":{"start":{"line":31,"column":27},"end":{"line":31,"column":64}},"18":{"start":{"line":32,"column":33},"end":{"line":41,"column":4}},"19":{"start":{"line":42,"column":2},"end":{"line":42,"column":null}}},"fnMap":{"0":{"name":"(anonymous_0)","decl":{"start":{"line":7,"column":15},"end":{"line":7,"column":22}},"loc":{"start":{"line":7,"column":109},"end":{"line":24,"column":1}}},"1":{"name":"(anonymous_1)","decl":{"start":{"line":26,"column":24},"end":{"line":26,"column":31}},"loc":{"start":{"line":26,"column":61},"end":{"line":43,"column":1}}}},"branchMap":{"0":{"loc":{"start":{"line":8,"column":16},"end":{"line":8,"column":36}},"type":"binary-expr","locations":[{"start":{"line":8,"column":16},"end":{"line":8,"column":26}},{"start":{"line":8,"column":30},"end":{"line":8,"column":36}}]},"1":{"loc":{"start":{"line":12,"column":2},"end":{"line":15,"column":null}},"type":"if","locations":[{"start":{"line":12,"column":2},"end":{"line":15,"column":null}}]},"2":{"loc":{"start":{"line":12,"column":6},"end":{"line":12,"column":42}},"type":"binary-expr","locations":[{"start":{"line":12,"column":6},"end":{"line":12,"column":20}},{"start":{"line":12,"column":24},"end":{"line":12,"column":42}}]},"3":{"loc":{"start":{"line":17,"column":2},"end":{"line":19,"column":null}},"type":"if","locations":[{"start":{"line":17,"column":2},"end":{"line":19,"column":null}}]},"4":{"loc":{"start":{"line":17,"column":6},"end":{"line":17,"column":38}},"type":"binary-expr","locations":[{"start":{"line":17,"column":6},"end":{"line":17,"column":20}},{"start":{"line":17,"column":24},"end":{"line":17,"column":38}}]},"5":{"loc":{"start":{"line":21,"column":2},"end":{"line":23,"column":null}},"type":"if","locations":[{"start":{"line":21,"column":2},"end":{"line":23,"column":null}}]},"6":{"loc":{"start":{"line":21,"column":6},"end":{"line":21,"column":76}},"type":"binary-expr","locations":[{"start":{"line":21,"column":7},"end":{"line":21,"column":21}},{"start":{"line":21,"column":25},"end":{"line":21,"column":43}},{"start":{"line":21,"column":48},"end":{"line":21,"column":76}}]}},"s":{"0":0,"1":0,"2":0,"3":0,"4":0,"5":0,"6":0,"7":0,"8":0,"9":0,"10":0,"11":0,"12":0,"13":0,"14":0,"15":0,"16":0,"17":0,"18":0,"19":0},"f":{"0":0,"1":0},"b":{"0":[0,0],"1":[0],"2":[0,0],"3":[0],"4":[0,0],"5":[0],"6":[0,0,0]}}
,"/Users/zane/playground/cloudsite/src/lib/actions/lib/create-or-update-dns-records.mjs": {"path":"/Users/zane/playground/cloudsite/src/lib/actions/lib/create-or-update-dns-records.mjs","statementMap":{"0":{"start":{"line":1,"column":0},"end":{"line":1,"column":null}},"1":{"start":{"line":2,"column":0},"end":{"line":2,"column":null}},"2":{"start":{"line":4,"column":33},"end":{"line":38,"column":1}},"3":{"start":{"line":5,"column":59},"end":{"line":5,"column":67}},"4":{"start":{"line":7,"column":27},"end":{"line":7,"column":72}},"5":{"start":{"line":8,"column":33},"end":{"line":8,"column":94}},"6":{"start":{"line":9,"column":31},"end":{"line":9,"column":82}},"7":{"start":{"line":10,"column":33},"end":{"line":10,"column":77}},"8":{"start":{"line":12,"column":24},"end":{"line":12,"column":66}},"9":{"start":{"line":14,"column":23},"end":{"line":14,"column":73}},"10":{"start":{"line":16,"column":18},"end":{"line":16,"column":51}},"11":{"start":{"line":18,"column":41},"end":{"line":35,"column":4}},"12":{"start":{"line":22,"column":39},"end":{"line":33,"column":7}},"13":{"start":{"line":36,"column":2},"end":{"line":36,"column":null}},"14":{"start":{"line":37,"column":2},"end":{"line":37,"column":null}},"15":{"start":{"line":38,"column":1},"end":{"line":38,"column":null}},"16":{"start":{"line":40,"column":24},"end":{"line":53,"column":1}},"17":{"start":{"line":41,"column":33},"end":{"line":41,"column":85}},"18":{"start":{"line":42,"column":34},"end":{"line":42,"column":82}},"19":{"start":{"line":44,"column":2},"end":{"line":48,"column":null}},"20":{"start":{"line":45,"column":4},"end":{"line":47,"column":null}},"21":{"start":{"line":46,"column":6},"end":{"line":46,"column":47}},"22":{"start":{"line":50,"column":2},"end":{"line":52,"column":null}},"23":{"start":{"line":51,"column":4},"end":{"line":51,"column":null}}},"fnMap":{"0":{"name":"(anonymous_0)","decl":{"start":{"line":4,"column":33},"end":{"line":4,"column":40}},"loc":{"start":{"line":4,"column":70},"end":{"line":38,"column":1}}},"1":{"name":"(anonymous_1)","decl":{"start":{"line":22,"column":29},"end":{"line":22,"column":33}},"loc":{"start":{"line":22,"column":39},"end":{"line":33,"column":7}}},"2":{"name":"(anonymous_2)","decl":{"start":{"line":40,"column":24},"end":{"line":40,"column":31}},"loc":{"start":{"line":40,"column":76},"end":{"line":53,"column":1}}}},"branchMap":{"0":{"loc":{"start":{"line":45,"column":4},"end":{"line":47,"column":null}},"type":"if","locations":[{"start":{"line":45,"column":4},"end":{"line":47,"column":null}}]},"1":{"loc":{"start":{"line":50,"column":2},"end":{"line":52,"column":null}},"type":"if","locations":[{"start":{"line":50,"column":2},"end":{"line":52,"column":null}}]}},"s":{"0":0,"1":0,"2":0,"3":0,"4":0,"5":0,"6":0,"7":0,"8":0,"9":0,"10":0,"11":0,"12":0,"13":0,"14":0,"15":0,"16":0,"17":0,"18":0,"19":0,"20":0,"21":0,"22":0,"23":0},"f":{"0":0,"1":0,"2":0},"b":{"0":[0],"1":[0]}}
,"/Users/zane/playground/cloudsite/src/lib/actions/lib/get-credentials.mjs": {"path":"/Users/zane/playground/cloudsite/src/lib/actions/lib/get-credentials.mjs","statementMap":{"0":{"start":{"line":1,"column":0},"end":{"line":1,"column":null}},"1":{"start":{"line":3,"column":23},"end":{"line":26,"column":1}},"2":{"start":{"line":4,"column":2},"end":{"line":4,"column":null}},"3":{"start":{"line":6,"column":22},"end":{"line":23,"column":4}},"4":{"start":{"line":25,"column":2},"end":{"line":25,"column":null}},"5":{"start":{"line":26,"column":1},"end":{"line":26,"column":null}}},"fnMap":{"0":{"name":"(anonymous_0)","decl":{"start":{"line":3,"column":23},"end":{"line":3,"column":24}},"loc":{"start":{"line":3,"column":43},"end":{"line":26,"column":1}}}},"branchMap":{"0":{"loc":{"start":{"line":4,"column":15},"end":{"line":4,"column":65}},"type":"binary-expr","locations":[{"start":{"line":4,"column":15},"end":{"line":4,"column":25}},{"start":{"line":4,"column":29},"end":{"line":4,"column":52}},{"start":{"line":4,"column":56},"end":{"line":4,"column":65}}]}},"s":{"0":0,"1":0,"2":0,"3":0,"4":0,"5":0},"f":{"0":0},"b":{"0":[0,0,0]}}
,"/Users/zane/playground/cloudsite/src/lib/actions/lib/sync-site-content.mjs": {"path":"/Users/zane/playground/cloudsite/src/lib/actions/lib/sync-site-content.mjs","statementMap":{"0":{"start":{"line":1,"column":0},"end":{"line":1,"column":null}},"1":{"start":{"line":2,"column":0},"end":{"line":2,"column":null}},"2":{"start":{"line":4,"column":0},"end":{"line":4,"column":null}},"3":{"start":{"line":5,"column":0},"end":{"line":5,"column":null}},"4":{"start":{"line":6,"column":0},"end":{"line":6,"column":null}},"5":{"start":{"line":7,"column":0},"end":{"line":7,"column":45}},"6":{"start":{"line":7,"column":45},"end":{"line":7,"column":null}},"7":{"start":{"line":9,"column":24},"end":{"line":32,"column":1}},"8":{"start":{"line":10,"column":49},"end":{"line":10,"column":57}},"9":{"start":{"line":12,"column":2},"end":{"line":20,"column":null}},"10":{"start":{"line":13,"column":24},"end":{"line":13,"column":56}},"11":{"start":{"line":14,"column":24},"end":{"line":14,"column":64}},"12":{"start":{"line":15,"column":4},"end":{"line":19,"column":null}},"13":{"start":{"line":16,"column":6},"end":{"line":16,"column":null}},"14":{"start":{"line":17,"column":6},"end":{"line":17,"column":null}},"15":{"start":{"line":18,"column":6},"end":{"line":18,"column":null}},"16":{"start":{"line":22,"column":2},"end":{"line":22,"column":null}},"17":{"start":{"line":24,"column":19},"end":{"line":24,"column":48}},"18":{"start":{"line":25,"column":19},"end":{"line":25,"column":58}},"19":{"start":{"line":27,"column":2},"end":{"line":31,"column":null}},"20":{"start":{"line":28,"column":41},"end":{"line":28,"column":111}},"21":{"start":{"line":32,"column":1},"end":{"line":32,"column":null}}},"fnMap":{"0":{"name":"_getRequireWildcardCache","decl":{"start":{"line":7,"column":45},"end":{"line":7,"column":null}},"loc":{"start":{"line":7,"column":45},"end":{"line":7,"column":null}}},"1":{"name":"(anonymous_3)","decl":{"start":{"line":9,"column":24},"end":{"line":9,"column":31}},"loc":{"start":{"line":9,"column":70},"end":{"line":32,"column":1}}},"2":{"name":"(anonymous_4)","decl":{"start":{"line":28,"column":30},"end":{"line":28,"column":35}},"loc":{"start":{"line":28,"column":41},"end":{"line":28,"column":111}}}},"branchMap":{"0":{"loc":{"start":{"line":7,"column":45},"end":{"line":7,"column":null}},"type":"if","locations":[{"start":{"line":7,"column":45},"end":{"line":7,"column":null}}]},"1":{"loc":{"start":{"line":7,"column":45},"end":{"line":7,"column":null}},"type":"cond-expr","locations":[{"start":{"line":7,"column":45},"end":{"line":7,"column":null}},{"start":{"line":7,"column":45},"end":{"line":7,"column":null}}]},"2":{"loc":{"start":{"line":7,"column":45},"end":{"line":7,"column":null}},"type":"binary-expr","locations":[{"start":{"line":7,"column":45},"end":{"line":7,"column":null}},{"start":{"line":7,"column":45},"end":{"line":7,"column":null}},{"start":{"line":7,"column":45},"end":{"line":7,"column":null}}]},"3":{"loc":{"start":{"line":12,"column":2},"end":{"line":20,"column":null}},"type":"if","locations":[{"start":{"line":12,"column":2},"end":{"line":20,"column":null}}]},"4":{"loc":{"start":{"line":12,"column":6},"end":{"line":12,"column":53}},"type":"binary-expr","locations":[{"start":{"line":12,"column":6},"end":{"line":12,"column":22}},{"start":{"line":12,"column":26},"end":{"line":12,"column":53}}]},"5":{"loc":{"start":{"line":15,"column":4},"end":{"line":19,"column":null}},"type":"if","locations":[{"start":{"line":15,"column":4},"end":{"line":19,"column":null}}]},"6":{"loc":{"start":{"line":28,"column":57},"end":{"line":28,"column":110}},"type":"binary-expr","locations":[{"start":{"line":28,"column":57},"end":{"line":28,"column":79}},{"start":{"line":28,"column":83},"end":{"line":28,"column":110}}]}},"s":{"0":0,"1":0,"2":0,"3":0,"4":0,"5":0,"6":0,"7":0,"8":0,"9":0,"10":0,"11":0,"12":0,"13":0,"14":0,"15":0,"16":0,"17":0,"18":0,"19":0,"20":0,"21":0},"f":{"0":0,"1":0,"2":0},"b":{"0":[0],"1":[0,0],"2":[0,0,0],"3":[0],"4":[0,0],"5":[0],"6":[0,0]}}
,"/Users/zane/playground/cloudsite/src/lib/plugins/access-logs.mjs": {"path":"/Users/zane/playground/cloudsite/src/lib/plugins/access-logs.mjs","statementMap":{"0":{"start":{"line":1,"column":15},"end":{"line":3,"column":1}},"1":{"start":{"line":2,"column":50},"end":{"line":2,"column":73}},"2":{"start":{"line":5,"column":16},"end":{"line":7,"column":1}},"3":{"start":{"line":6,"column":2},"end":{"line":6,"column":null}},"4":{"start":{"line":9,"column":16},"end":{"line":9,"column":38}}},"fnMap":{"0":{"name":"(anonymous_0)","decl":{"start":{"line":2,"column":44},"end":{"line":2,"column":45}},"loc":{"start":{"line":2,"column":50},"end":{"line":2,"column":73}}},"1":{"name":"(anonymous_1)","decl":{"start":{"line":5,"column":16},"end":{"line":5,"column":22}},"loc":{"start":{"line":5,"column":22},"end":{"line":7,"column":1}}}},"branchMap":{},"s":{"0":0,"1":0,"2":0,"3":0,"4":0},"f":{"0":0,"1":0},"b":{}}
,"/Users/zane/playground/cloudsite/src/lib/plugins/cloudfront-logs.mjs": {"path":"/Users/zane/playground/cloudsite/src/lib/plugins/cloudfront-logs.mjs","statementMap":{"0":{"start":{"line":1,"column":15},"end":{"line":5,"column":1}},"1":{"start":{"line":3,"column":60},"end":{"line":3,"column":83}},"2":{"start":{"line":7,"column":20},"end":{"line":17,"column":1}},"3":{"start":{"line":8,"column":28},"end":{"line":8,"column":40}},"4":{"start":{"line":10,"column":2},"end":{"line":10,"column":null}},"5":{"start":{"line":12,"column":2},"end":{"line":16,"column":null}},"6":{"start":{"line":19,"column":20},"end":{"line":19,"column":46}}},"fnMap":{"0":{"name":"(anonymous_0)","decl":{"start":{"line":3,"column":54},"end":{"line":3,"column":55}},"loc":{"start":{"line":3,"column":60},"end":{"line":3,"column":83}}},"1":{"name":"(anonymous_1)","decl":{"start":{"line":7,"column":20},"end":{"line":7,"column":27}},"loc":{"start":{"line":7,"column":58},"end":{"line":17,"column":1}}}},"branchMap":{},"s":{"0":0,"1":0,"2":0,"3":0,"4":0,"5":0,"6":0},"f":{"0":0,"1":0},"b":{}}
,"/Users/zane/playground/cloudsite/src/lib/plugins/contact-handler/lib/constants.mjs": {"path":"/Users/zane/playground/cloudsite/src/lib/plugins/contact-handler/lib/constants.mjs","statementMap":{"0":{"start":{"line":1,"column":37},"end":{"line":1,"column":68}},"1":{"start":{"line":2,"column":37},"end":{"line":2,"column":68}},"2":{"start":{"line":3,"column":36},"end":{"line":3,"column":66}}},"fnMap":{},"branchMap":{},"s":{"0":0,"1":0,"2":0},"f":{},"b":{}}
,"/Users/zane/playground/cloudsite/src/lib/plugins/contact-handler/lib/setup-contact-emailer.mjs": {"path":"/Users/zane/playground/cloudsite/src/lib/plugins/contact-handler/lib/setup-contact-emailer.mjs","statementMap":{"0":{"start":{"line":1,"column":0},"end":{"line":1,"column":null}},"1":{"start":{"line":3,"column":28},"end":{"line":111,"column":1}},"2":{"start":{"line":4,"column":28},"end":{"line":4,"column":40}},"3":{"start":{"line":5,"column":34},"end":{"line":5,"column":52}},"4":{"start":{"line":6,"column":36},"end":{"line":6,"column":52}},"5":{"start":{"line":8,"column":2},"end":{"line":10,"column":null}},"6":{"start":{"line":9,"column":4},"end":{"line":9,"column":null}},"7":{"start":{"line":13,"column":2},"end":{"line":15,"column":null}},"8":{"start":{"line":17,"column":30},"end":{"line":17,"column":76}},"9":{"start":{"line":18,"column":38},"end":{"line":18,"column":57}},"10":{"start":{"line":20,"column":2},"end":{"line":27,"column":null}},"11":{"start":{"line":29,"column":2},"end":{"line":67,"column":null}},"12":{"start":{"line":69,"column":2},"end":{"line":95,"column":null}},"13":{"start":{"line":97,"column":2},"end":{"line":105,"column":null}},"14":{"start":{"line":107,"column":2},"end":{"line":110,"column":null}},"15":{"start":{"line":108,"column":4},"end":{"line":109,"column":null}},"16":{"start":{"line":111,"column":1},"end":{"line":111,"column":null}}},"fnMap":{"0":{"name":"(anonymous_0)","decl":{"start":{"line":3,"column":28},"end":{"line":3,"column":29}},"loc":{"start":{"line":3,"column":87},"end":{"line":111,"column":1}}}},"branchMap":{"0":{"loc":{"start":{"line":8,"column":2},"end":{"line":10,"column":null}},"type":"if","locations":[{"start":{"line":8,"column":2},"end":{"line":10,"column":null}}]},"1":{"loc":{"start":{"line":8,"column":6},"end":{"line":8,"column":86}},"type":"binary-expr","locations":[{"start":{"line":8,"column":6},"end":{"line":8,"column":43}},{"start":{"line":8,"column":47},"end":{"line":8,"column":86}}]},"2":{"loc":{"start":{"line":107,"column":2},"end":{"line":110,"column":null}},"type":"if","locations":[{"start":{"line":107,"column":2},"end":{"line":110,"column":null}}]}},"s":{"0":0,"1":0,"2":0,"3":0,"4":0,"5":0,"6":0,"7":0,"8":0,"9":0,"10":0,"11":0,"12":0,"13":0,"14":0,"15":0,"16":0},"f":{"0":0},"b":{"0":[0],"1":[0,0],"2":[0]}}
,"/Users/zane/playground/cloudsite/src/lib/plugins/contact-handler/lib/setup-contact-form-table.mjs": {"path":"/Users/zane/playground/cloudsite/src/lib/plugins/contact-handler/lib/setup-contact-form-table.mjs","statementMap":{"0":{"start":{"line":1,"column":30},"end":{"line":23,"column":1}},"1":{"start":{"line":2,"column":43},"end":{"line":2,"column":55}},"2":{"start":{"line":3,"column":25},"end":{"line":3,"column":33}},"3":{"start":{"line":5,"column":2},"end":{"line":19,"column":null}},"4":{"start":{"line":21,"column":2},"end":{"line":21,"column":null}},"5":{"start":{"line":22,"column":2},"end":{"line":22,"column":null}},"6":{"start":{"line":23,"column":1},"end":{"line":23,"column":null}}},"fnMap":{"0":{"name":"(anonymous_0)","decl":{"start":{"line":1,"column":30},"end":{"line":1,"column":31}},"loc":{"start":{"line":1,"column":62},"end":{"line":23,"column":1}}}},"branchMap":{},"s":{"0":0,"1":0,"2":0,"3":0,"4":0,"5":0,"6":0},"f":{"0":0},"b":{}}
,"/Users/zane/playground/cloudsite/src/lib/plugins/contact-handler/lib/setup-contact-handler.mjs": {"path":"/Users/zane/playground/cloudsite/src/lib/plugins/contact-handler/lib/setup-contact-handler.mjs","statementMap":{"0":{"start":{"line":1,"column":0},"end":{"line":1,"column":null}},"1":{"start":{"line":3,"column":28},"end":{"line":114,"column":1}},"2":{"start":{"line":4,"column":36},"end":{"line":4,"column":44}},"3":{"start":{"line":5,"column":43},"end":{"line":5,"column":55}},"4":{"start":{"line":7,"column":2},"end":{"line":39,"column":null}},"5":{"start":{"line":40,"column":2},"end":{"line":40,"column":null}},"6":{"start":{"line":41,"column":2},"end":{"line":41,"column":null}},"7":{"start":{"line":43,"column":37},"end":{"line":43,"column":83}},"8":{"start":{"line":45,"column":2},"end":{"line":52,"column":null}},"9":{"start":{"line":54,"column":37},"end":{"line":54,"column":63}},"10":{"start":{"line":55,"column":2},"end":{"line":80,"column":null}},"11":{"start":{"line":81,"column":2},"end":{"line":81,"column":null}},"12":{"start":{"line":82,"column":2},"end":{"line":82,"column":null}},"13":{"start":{"line":84,"column":2},"end":{"line":96,"column":null}},"14":{"start":{"line":98,"column":2},"end":{"line":111,"column":null}},"15":{"start":{"line":112,"column":2},"end":{"line":112,"column":null}},"16":{"start":{"line":113,"column":2},"end":{"line":113,"column":null}},"17":{"start":{"line":114,"column":1},"end":{"line":114,"column":null}}},"fnMap":{"0":{"name":"(anonymous_0)","decl":{"start":{"line":3,"column":28},"end":{"line":3,"column":29}},"loc":{"start":{"line":3,"column":87},"end":{"line":114,"column":1}}}},"branchMap":{},"s":{"0":0,"1":0,"2":0,"3":0,"4":0,"5":0,"6":0,"7":0,"8":0,"9":0,"10":0,"11":0,"12":0,"13":0,"14":0,"15":0,"16":0,"17":0},"f":{"0":0},"b":{}}
,"/Users/zane/playground/cloudsite/src/lib/plugins/contact-handler/lib/setup-request-signer.mjs": {"path":"/Users/zane/playground/cloudsite/src/lib/plugins/contact-handler/lib/setup-request-signer.mjs","statementMap":{"0":{"start":{"line":1,"column":0},"end":{"line":1,"column":null}},"1":{"start":{"line":3,"column":27},"end":{"line":82,"column":1}},"2":{"start":{"line":4,"column":28},"end":{"line":4,"column":40}},"3":{"start":{"line":6,"column":2},"end":{"line":39,"column":null}},"4":{"start":{"line":41,"column":34},"end":{"line":41,"column":79}},"5":{"start":{"line":43,"column":2},"end":{"line":50,"column":null}},"6":{"start":{"line":52,"column":2},"end":{"line":73,"column":null}},"7":{"start":{"line":75,"column":2},"end":{"line":81,"column":null}},"8":{"start":{"line":82,"column":1},"end":{"line":82,"column":null}}},"fnMap":{"0":{"name":"(anonymous_0)","decl":{"start":{"line":3,"column":27},"end":{"line":3,"column":28}},"loc":{"start":{"line":3,"column":76},"end":{"line":82,"column":1}}}},"branchMap":{},"s":{"0":0,"1":0,"2":0,"3":0,"4":0,"5":0,"6":0,"7":0,"8":0},"f":{"0":0},"b":{}}
,"/Users/zane/playground/cloudsite/src/lib/plugins/contact-handler/lib/stage-lambda-function-zip-files.mjs": {"path":"/Users/zane/playground/cloudsite/src/lib/plugins/contact-handler/lib/stage-lambda-function-zip-files.mjs","statementMap":{"0":{"start":{"line":1,"column":0},"end":{"line":1,"column":null}},"1":{"start":{"line":2,"column":0},"end":{"line":2,"column":null}},"2":{"start":{"line":4,"column":0},"end":{"line":4,"column":null}},"3":{"start":{"line":6,"column":0},"end":{"line":6,"column":null}},"4":{"start":{"line":7,"column":0},"end":{"line":7,"column":null}},"5":{"start":{"line":8,"column":0},"end":{"line":8,"column":null}},"6":{"start":{"line":20,"column":36},"end":{"line":59,"column":1}},"7":{"start":{"line":21,"column":2},"end":{"line":21,"column":null}},"8":{"start":{"line":23,"column":33},"end":{"line":23,"column":41}},"9":{"start":{"line":25,"column":19},"end":{"line":25,"column":56}},"10":{"start":{"line":27,"column":34},"end":{"line":27,"column":93}},"11":{"start":{"line":28,"column":2},"end":{"line":35,"column":null}},"12":{"start":{"line":37,"column":30},"end":{"line":40,"column":4}},"13":{"start":{"line":41,"column":2},"end":{"line":41,"column":null}},"14":{"start":{"line":43,"column":22},"end":{"line":45,"column":null}},"15":{"start":{"line":48,"column":2},"end":{"line":54,"column":null}},"16":{"start":{"line":49,"column":4},"end":{"line":53,"column":null}},"17":{"start":{"line":56,"column":2},"end":{"line":56,"column":null}},"18":{"start":{"line":58,"column":2},"end":{"line":58,"column":null}},"19":{"start":{"line":59,"column":1},"end":{"line":59,"column":null}},"20":{"start":{"line":61,"column":19},"end":{"line":74,"column":1}},"21":{"start":{"line":63,"column":18},"end":{"line":63,"column":47}},"22":{"start":{"line":64,"column":21},"end":{"line":64,"column":46}},"23":{"start":{"line":66,"column":27},"end":{"line":71,"column":4}},"24":{"start":{"line":73,"column":2},"end":{"line":73,"column":null}}},"fnMap":{"0":{"name":"(anonymous_0)","decl":{"start":{"line":20,"column":36},"end":{"line":20,"column":43}},"loc":{"start":{"line":20,"column":86},"end":{"line":59,"column":1}}},"1":{"name":"(anonymous_1)","decl":{"start":{"line":61,"column":19},"end":{"line":61,"column":26}},"loc":{"start":{"line":61,"column":65},"end":{"line":74,"column":1}}}},"branchMap":{"0":{"loc":{"start":{"line":48,"column":2},"end":{"line":54,"column":null}},"type":"if","locations":[{"start":{"line":48,"column":2},"end":{"line":54,"column":null}}]}},"s":{"0":0,"1":0,"2":0,"3":0,"4":0,"5":0,"6":0,"7":0,"8":0,"9":0,"10":0,"11":0,"12":0,"13":0,"14":0,"15":0,"16":0,"17":0,"18":0,"19":0,"20":0,"21":0,"22":0,"23":0,"24":0},"f":{"0":0,"1":0},"b":{"0":[0]}}
,"/Users/zane/playground/cloudsite/src/lib/plugins/contact-handler/lib/update-cloud-front-distribution.mjs": {"path":"/Users/zane/playground/cloudsite/src/lib/plugins/contact-handler/lib/update-cloud-front-distribution.mjs","statementMap":{"0":{"start":{"line":1,"column":37},"end":{"line":42,"column":1}},"1":{"start":{"line":2,"column":28},"end":{"line":2,"column":40}},"2":{"start":{"line":3,"column":29},"end":{"line":3,"column":42}},"3":{"start":{"line":5,"column":2},"end":{"line":5,"column":null}},"4":{"start":{"line":7,"column":20},"end":{"line":7,"column":108}},"5":{"start":{"line":8,"column":2},"end":{"line":17,"column":null}},"6":{"start":{"line":19,"column":27},"end":{"line":19,"column":128}},"7":{"start":{"line":20,"column":2},"end":{"line":38,"column":null}},"8":{"start":{"line":40,"column":2},"end":{"line":40,"column":null}},"9":{"start":{"line":41,"column":2},"end":{"line":41,"column":null}},"10":{"start":{"line":42,"column":1},"end":{"line":42,"column":null}}},"fnMap":{"0":{"name":"(anonymous_0)","decl":{"start":{"line":1,"column":37},"end":{"line":1,"column":38}},"loc":{"start":{"line":1,"column":69},"end":{"line":42,"column":1}}}},"branchMap":{"0":{"loc":{"start":{"line":19,"column":27},"end":{"line":19,"column":128}},"type":"binary-expr","locations":[{"start":{"line":19,"column":27},"end":{"line":19,"column":122}},{"start":{"line":19,"column":126},"end":{"line":19,"column":128}}]}},"s":{"0":0,"1":0,"2":0,"3":0,"4":0,"5":0,"6":0,"7":0,"8":0,"9":0,"10":0},"f":{"0":0},"b":{"0":[0,0]}}
,"/Users/zane/playground/cloudsite/src/lib/shared/convert-domain-to-bucket-name.js": {"path":"/Users/zane/playground/cloudsite/src/lib/shared/convert-domain-to-bucket-name.js","statementMap":{"0":{"start":{"line":1,"column":35},"end":{"line":1,"column":106}},"1":{"start":{"line":1,"column":46},"end":{"line":1,"column":106}},"2":{"start":{"line":1,"column":106},"end":{"line":1,"column":null}}},"fnMap":{"0":{"name":"(anonymous_0)","decl":{"start":{"line":1,"column":35},"end":{"line":1,"column":41}},"loc":{"start":{"line":1,"column":46},"end":{"line":1,"column":106}}}},"branchMap":{},"s":{"0":0,"1":0,"2":0},"f":{"0":0},"b":{}}
,"/Users/zane/playground/cloudsite/src/lib/shared/determine-bucket-name.mjs": {"path":"/Users/zane/playground/cloudsite/src/lib/shared/determine-bucket-name.mjs","statementMap":{"0":{"start":{"line":1,"column":0},"end":{"line":1,"column":null}},"1":{"start":{"line":3,"column":0},"end":{"line":3,"column":null}},"2":{"start":{"line":4,"column":0},"end":{"line":4,"column":null}},"3":{"start":{"line":6,"column":0},"end":{"line":6,"column":null}},"4":{"start":{"line":8,"column":28},"end":{"line":51,"column":1}},"5":{"start":{"line":9,"column":66},"end":{"line":9,"column":70}},"6":{"start":{"line":10,"column":33},"end":{"line":10,"column":37}},"7":{"start":{"line":12,"column":2},"end":{"line":14,"column":null}},"8":{"start":{"line":13,"column":4},"end":{"line":13,"column":null}},"9":{"start":{"line":16,"column":22},"end":{"line":16,"column":30}},"10":{"start":{"line":17,"column":2},"end":{"line":22,"column":null}},"11":{"start":{"line":18,"column":4},"end":{"line":18,"column":null}},"12":{"start":{"line":19,"column":21},"end":{"line":19,"column":96}},"13":{"start":{"line":20,"column":4},"end":{"line":20,"column":null}},"14":{"start":{"line":21,"column":4},"end":{"line":21,"column":null}},"15":{"start":{"line":24,"column":2},"end":{"line":24,"column":null}},"16":{"start":{"line":26,"column":2},"end":{"line":50,"column":null}},"17":{"start":{"line":27,"column":4},"end":{"line":27,"column":null}},"18":{"start":{"line":29,"column":18},"end":{"line":29,"column":74}},"19":{"start":{"line":31,"column":20},"end":{"line":31,"column":48}},"20":{"start":{"line":32,"column":4},"end":{"line":45,"column":null}},"21":{"start":{"line":33,"column":6},"end":{"line":33,"column":null}},"22":{"start":{"line":34,"column":6},"end":{"line":36,"column":null}},"23":{"start":{"line":35,"column":8},"end":{"line":35,"column":null}},"24":{"start":{"line":38,"column":6},"end":{"line":44,"column":null}},"25":{"start":{"line":39,"column":8},"end":{"line":39,"column":null}},"26":{"start":{"line":40,"column":8},"end":{"line":40,"column":null}},"27":{"start":{"line":41,"column":13},"end":{"line":44,"column":null}},"28":{"start":{"line":42,"column":8},"end":{"line":42,"column":null}},"29":{"start":{"line":43,"column":8},"end":{"line":43,"column":null}},"30":{"start":{"line":46,"column":4},"end":{"line":46,"column":null}},"31":{"start":{"line":47,"column":23},"end":{"line":47,"column":43}},"32":{"start":{"line":48,"column":4},"end":{"line":48,"column":null}},"33":{"start":{"line":49,"column":4},"end":{"line":49,"column":null}},"34":{"start":{"line":51,"column":1},"end":{"line":51,"column":null}}},"fnMap":{"0":{"name":"(anonymous_0)","decl":{"start":{"line":8,"column":28},"end":{"line":8,"column":35}},"loc":{"start":{"line":8,"column":44},"end":{"line":51,"column":1}}}},"branchMap":{"0":{"loc":{"start":{"line":9,"column":35},"end":{"line":9,"column":51}},"type":"default-arg","locations":[{"start":{"line":9,"column":46},"end":{"line":9,"column":51}}]},"1":{"loc":{"start":{"line":12,"column":2},"end":{"line":14,"column":null}},"type":"if","locations":[{"start":{"line":12,"column":2},"end":{"line":14,"column":null}}]},"2":{"loc":{"start":{"line":13,"column":17},"end":{"line":13,"column":77}},"type":"binary-expr","locations":[{"start":{"line":13,"column":17},"end":{"line":13,"column":36}},{"start":{"line":13,"column":40},"end":{"line":13,"column":77}}]},"3":{"loc":{"start":{"line":17,"column":2},"end":{"line":22,"column":null}},"type":"if","locations":[{"start":{"line":17,"column":2},"end":{"line":22,"column":null}}]},"4":{"loc":{"start":{"line":24,"column":13},"end":{"line":24,"column":54}},"type":"binary-expr","locations":[{"start":{"line":24,"column":13},"end":{"line":24,"column":21}},{"start":{"line":24,"column":25},"end":{"line":24,"column":54}}]},"5":{"loc":{"start":{"line":34,"column":6},"end":{"line":36,"column":null}},"type":"if","locations":[{"start":{"line":34,"column":6},"end":{"line":36,"column":null}}]},"6":{"loc":{"start":{"line":38,"column":6},"end":{"line":44,"column":null}},"type":"if","locations":[{"start":{"line":38,"column":6},"end":{"line":44,"column":null}},{"start":{"line":41,"column":13},"end":{"line":44,"column":null}}]},"7":{"loc":{"start":{"line":41,"column":13},"end":{"line":44,"column":null}},"type":"if","locations":[{"start":{"line":41,"column":13},"end":{"line":44,"column":null}}]},"8":{"loc":{"start":{"line":41,"column":17},"end":{"line":41,"column":75}},"type":"binary-expr","locations":[{"start":{"line":41,"column":17},"end":{"line":41,"column":34}},{"start":{"line":41,"column":38},"end":{"line":41,"column":75}}]}},"s":{"0":0,"1":0,"2":0,"3":0,"4":0,"5":0,"6":0,"7":0,"8":0,"9":0,"10":0,"11":0,"12":0,"13":0,"14":0,"15":0,"16":0,"17":0,"18":0,"19":0,"20":0,"21":0,"22":0,"23":0,"24":0,"25":0,"26":0,"27":0,"28":0,"29":0,"30":0,"31":0,"32":0,"33":0,"34":0},"f":{"0":0},"b":{"0":[0],"1":[0],"2":[0,0],"3":[0],"4":[0,0],"5":[0],"6":[0,0],"7":[0],"8":[0,0]}}
,"/Users/zane/playground/cloudsite/src/lib/shared/site-template.mjs": {"path":"/Users/zane/playground/cloudsite/src/lib/shared/site-template.mjs","statementMap":{"0":{"start":{"line":1,"column":0},"end":{"line":1,"column":null}},"1":{"start":{"line":3,"column":0},"end":{"line":3,"column":null}},"2":{"start":{"line":4,"column":0},"end":{"line":4,"column":61}},"3":{"start":{"line":4,"column":61},"end":{"line":4,"column":null}},"4":{"start":{"line":10,"column":21},"end":{"line":198,"column":1}},"5":{"start":{"line":32,"column":4},"end":{"line":32,"column":null}},"6":{"start":{"line":33,"column":4},"end":{"line":33,"column":null}},"7":{"start":{"line":35,"column":4},"end":{"line":35,"column":null}},"8":{"start":{"line":36,"column":4},"end":{"line":36,"column":null}},"9":{"start":{"line":40,"column":27},"end":{"line":40,"column":40}},"10":{"start":{"line":42,"column":36},"end":{"line":47,"column":6}},"11":{"start":{"line":49,"column":4},"end":{"line":58,"column":null}},"12":{"start":{"line":60,"column":4},"end":{"line":60,"column":null}},"13":{"start":{"line":64,"column":25},"end":{"line":64,"column":29}},"14":{"start":{"line":65,"column":43},"end":{"line":65,"column":51}},"15":{"start":{"line":67,"column":4},"end":{"line":77,"column":null}},"16":{"start":{"line":68,"column":21},"end":{"line":68,"column":39}},"17":{"start":{"line":69,"column":6},"end":{"line":71,"column":null}},"18":{"start":{"line":70,"column":8},"end":{"line":70,"column":null}},"19":{"start":{"line":73,"column":6},"end":{"line":76,"column":null}},"20":{"start":{"line":81,"column":74},"end":{"line":81,"column":87}},"21":{"start":{"line":83,"column":4},"end":{"line":181,"column":null}},"22":{"start":{"line":185,"column":27},"end":{"line":185,"column":40}},"23":{"start":{"line":186,"column":26},"end":{"line":186,"column":64}},"24":{"start":{"line":188,"column":27},"end":{"line":193,"column":5}},"25":{"start":{"line":195,"column":19},"end":{"line":195,"column":63}},"26":{"start":{"line":196,"column":4},"end":{"line":196,"column":null}},"27":{"start":{"line":198,"column":1},"end":{"line":198,"column":null}}},"fnMap":{"0":{"name":"_getRequireWildcardCache","decl":{"start":{"line":4,"column":61},"end":{"line":4,"column":null}},"loc":{"start":{"line":4,"column":61},"end":{"line":4,"column":null}}},"1":{"name":"(anonymous_3)","decl":{"start":{"line":31,"column":2},"end":{"line":31,"column":13}},"loc":{"start":{"line":31,"column":42},"end":{"line":37,"column":null}}},"2":{"name":"(anonymous_4)","decl":{"start":{"line":39,"column":2},"end":{"line":39,"column":8}},"loc":{"start":{"line":39,"column":37},"end":{"line":61,"column":null}}},"3":{"name":"(anonymous_5)","decl":{"start":{"line":63,"column":2},"end":{"line":63,"column":8}},"loc":{"start":{"line":63,"column":23},"end":{"line":78,"column":null}}},"4":{"name":"(anonymous_6)","decl":{"start":{"line":80,"column":2},"end":{"line":80,"column":6}},"loc":{"start":{"line":80,"column":22},"end":{"line":182,"column":null}}},"5":{"name":"(anonymous_7)","decl":{"start":{"line":184,"column":2},"end":{"line":184,"column":8}},"loc":{"start":{"line":184,"column":12},"end":{"line":197,"column":null}}}},"branchMap":{"0":{"loc":{"start":{"line":4,"column":61},"end":{"line":4,"column":null}},"type":"if","locations":[{"start":{"line":4,"column":61},"end":{"line":4,"column":null}}]},"1":{"loc":{"start":{"line":4,"column":61},"end":{"line":4,"column":null}},"type":"cond-expr","locations":[{"start":{"line":4,"column":61},"end":{"line":4,"column":null}},{"start":{"line":4,"column":61},"end":{"line":4,"column":null}}]},"2":{"loc":{"start":{"line":4,"column":61},"end":{"line":4,"column":null}},"type":"binary-expr","locations":[{"start":{"line":4,"column":61},"end":{"line":4,"column":null}},{"start":{"line":4,"column":61},"end":{"line":4,"column":null}},{"start":{"line":4,"column":61},"end":{"line":4,"column":null}}]},"3":{"loc":{"start":{"line":69,"column":6},"end":{"line":71,"column":null}},"type":"if","locations":[{"start":{"line":69,"column":6},"end":{"line":71,"column":null}}]}},"s":{"0":0,"1":0,"2":0,"3":0,"4":0,"5":0,"6":0,"7":0,"8":0,"9":0,"10":0,"11":0,"12":0,"13":0,"14":0,"15":0,"16":0,"17":0,"18":0,"19":0,"20":0,"21":0,"22":0,"23":0,"24":0,"25":0,"26":0,"27":0},"f":{"0":0,"1":0,"2":0,"3":0,"4":0,"5":0},"b":{"0":[0],"1":[0,0],"2":[0,0,0],"3":[0]}}
}
